#
# There is insufficient memory for the Java Runtime Environment to continue.
# Native memory allocation (mmap) failed to map 88080384 bytes. Error detail: G1 virtual space
# Possible reasons:
#   The system is out of physical RAM or swap space
#   This process is running with CompressedOops enabled, and the Java Heap may be blocking the growth of the native heap
# Possible solutions:
#   Reduce memory load on the system
#   Increase physical memory or swap space
#   Check if swap backing store is full
#   Decrease Java heap size (-Xmx/-Xms)
#   Decrease number of Java threads
#   Decrease Java thread stack sizes (-Xss)
#   Set larger code cache with -XX:ReservedCodeCacheSize=
#   JVM is running with Zero Based Compressed Oops mode in which the Java heap is
#     placed in the first 32GB address space. The Java Heap base address is the
#     maximum limit for the native heap growth. Please use -XX:HeapBaseMinAddress
#     to set the Java Heap base and to place the Java Heap above 32GB virtual address.
# This output file may be truncated or incomplete.
#
#  Out of Memory Error (os_windows.cpp:3631), pid=4956, tid=6880
#
# JRE version: Java(TM) SE Runtime Environment (22.0+36) (build 22+36-2370)
# Java VM: Java HotSpot(TM) 64-Bit Server VM (22+36-2370, mixed mode, emulated-client, sharing, tiered, compressed oops, compressed class ptrs, g1 gc, windows-amd64)
# No core dump will be written. Minidumps are not enabled by default on client versions of Windows
#

---------------  S U M M A R Y ------------

Command Line: -XX:TieredStopAtLevel=1 -Dspring.output.ansi.enabled=always -Dcom.sun.management.jmxremote -Dspring.jmx.enabled=true -Dspring.liveBeansView.mbeanDomain -Dspring.application.admin.enabled=true -Dmanagement.endpoints.jmx.exposure.include=* -javaagent:D:\IntelliJ IDEA 2025.3.4\lib\idea_rt.jar=58966 -Dfile.encoding=UTF-8 -Dsun.stdout.encoding=UTF-8 -Dsun.stderr.encoding=UTF-8 org.datasource.SpringBootNoSQLNeo4JService

Host: Intel(R) Core(TM) i5-7400 CPU @ 3.00GHz, 4 cores, 15G,  Windows 10 , 64 bit Build 19041 (10.0.19041.5794)
Time: Sun May 10 18:44:43 2026 GTB Daylight Time elapsed time: 8.889601 seconds (0d 0h 0m 8s)

---------------  T H R E A D  ---------------

Current thread (0x00000273efef36e0):  VMThread "VM Thread"          [id=6880, stack(0x000000adf7400000,0x000000adf7500000) (1024K)]

Stack: [0x000000adf7400000,0x000000adf7500000]
Native frames: (J=compiled Java code, j=interpreted, Vv=VM code, C=native code)
V  [jvm.dll+0x6e2349]  (no source info available)
V  [jvm.dll+0x874ed3]  (no source info available)
V  [jvm.dll+0x8772fe]  (no source info available)
V  [jvm.dll+0x8779d3]  (no source info available)
V  [jvm.dll+0x27fcb6]  (no source info available)
V  [jvm.dll+0x6de9e5]  (no source info available)
V  [jvm.dll+0x6d34ea]  (no source info available)
V  [jvm.dll+0x35892a]  (no source info available)
V  [jvm.dll+0x360e56]  (no source info available)
V  [jvm.dll+0x3b3d7e]  (no source info available)
V  [jvm.dll+0x3b4028]  (no source info available)
V  [jvm.dll+0x32c4ec]  (no source info available)
V  [jvm.dll+0x32c577]  (no source info available)
V  [jvm.dll+0x3721ec]  (no source info available)
V  [jvm.dll+0x3708e6]  (no source info available)
V  [jvm.dll+0x32bbd7]  (no source info available)
V  [jvm.dll+0x3700a4]  (no source info available)
V  [jvm.dll+0x87d870]  (no source info available)
V  [jvm.dll+0x87ebf7]  (no source info available)
V  [jvm.dll+0x87f170]  (no source info available)
V  [jvm.dll+0x87f413]  (no source info available)
V  [jvm.dll+0x81d50b]  (no source info available)
V  [jvm.dll+0x6e09e5]  (no source info available)
C  [ucrtbase.dll+0x21bb2]  (no source info available)
C  [KERNEL32.DLL+0x17374]  (no source info available)
C  [ntdll.dll+0x4cc91]  (no source info available)

VM_Operation (0x000000adf8cfc670): G1CollectForAllocation, mode: safepoint, requested by thread 0x00000273c5ff0af0


---------------  P R O C E S S  ---------------

Threads class SMR info:
_java_thread_list=0x00000273c79bcfb0, length=41, elements={
0x00000273eff13360, 0x00000273eff14430, 0x00000273eff182d0, 0x00000273eff19ea0,
0x00000273eff1a900, 0x00000273eff1b360, 0x00000273eff1bdc0, 0x00000273efedc820,
0x00000273c5228bd0, 0x00000273c52866a0, 0x00000273c55042d0, 0x00000273c54fe930,
0x00000273c5a81e40, 0x00000273c5b1b0e0, 0x00000273c5b4f470, 0x00000273c5b53af0,
0x00000273c5d0a4e0, 0x00000273c5ff2bc0, 0x00000273c5ff1180, 0x00000273c5ff2530,
0x00000273c5ff0af0, 0x00000273c5ff1810, 0x00000273c5ff3250, 0x00000273c5ff0460,
0x00000273c7948c60, 0x00000273c794d490, 0x00000273c794b3c0, 0x00000273c7947220,
0x00000273c79492f0, 0x00000273c7947f40, 0x00000273c794ad30, 0x00000273c79478b0,
0x00000273c7946b90, 0x00000273c794a010, 0x00000273c794ce00, 0x00000273c79485d0,
0x00000273c794db20, 0x00000273c7949980, 0x00000273c794ba50, 0x00000273c794c0e0,
0x00000273c794c770
}

Java Threads: ( => current thread )
  0x00000273eff13360 JavaThread "Reference Handler"          daemon [_thread_blocked, id=4480, stack(0x000000adf7500000,0x000000adf7600000) (1024K)]
  0x00000273eff14430 JavaThread "Finalizer"                  daemon [_thread_blocked, id=13772, stack(0x000000adf7600000,0x000000adf7700000) (1024K)]
  0x00000273eff182d0 JavaThread "Signal Dispatcher"          daemon [_thread_blocked, id=11136, stack(0x000000adf7700000,0x000000adf7800000) (1024K)]
  0x00000273eff19ea0 JavaThread "Attach Listener"            daemon [_thread_blocked, id=8392, stack(0x000000adf7800000,0x000000adf7900000) (1024K)]
  0x00000273eff1a900 JavaThread "Service Thread"             daemon [_thread_blocked, id=1416, stack(0x000000adf7900000,0x000000adf7a00000) (1024K)]
  0x00000273eff1b360 JavaThread "Monitor Deflation Thread"   daemon [_thread_blocked, id=2800, stack(0x000000adf7a00000,0x000000adf7b00000) (1024K)]
  0x00000273eff1bdc0 JavaThread "C1 CompilerThread0"         daemon [_thread_blocked, id=15036, stack(0x000000adf7b00000,0x000000adf7c00000) (1024K)]
  0x00000273efedc820 JavaThread "Common-Cleaner"             daemon [_thread_blocked, id=7412, stack(0x000000adf7c00000,0x000000adf7d00000) (1024K)]
  0x00000273c5228bd0 JavaThread "C1 CompilerThread1"         daemon [_thread_blocked, id=11504, stack(0x000000adf7e00000,0x000000adf7f00000) (1024K)]
  0x00000273c52866a0 JavaThread "C1 CompilerThread2"         daemon [_thread_blocked, id=5820, stack(0x000000adf7d00000,0x000000adf7e00000) (1024K)]
  0x00000273c55042d0 JavaThread "Monitor Ctrl-Break"         daemon [_thread_in_native, id=15304, stack(0x000000adf7f00000,0x000000adf8000000) (1024K)]
  0x00000273c54fe930 JavaThread "Notification Thread"        daemon [_thread_blocked, id=13080, stack(0x000000adf8000000,0x000000adf8100000) (1024K)]
  0x00000273c5a81e40 JavaThread "RMI TCP Accept-0"           daemon [_thread_in_native, id=10540, stack(0x000000adf8400000,0x000000adf8500000) (1024K)]
  0x00000273c5b1b0e0 JavaThread "RMI TCP Connection(1)-26.117.12.198" daemon [_thread_in_native, id=11468, stack(0x000000adf8500000,0x000000adf8600000) (1024K)]
  0x00000273c5b4f470 JavaThread "RMI Scheduler(0)"           daemon [_thread_blocked, id=9856, stack(0x000000adf8600000,0x000000adf8700000) (1024K)]
  0x00000273c5b53af0 JavaThread "JMX server connection timeout 28" daemon [_thread_blocked, id=4376, stack(0x000000adf8700000,0x000000adf8800000) (1024K)]
  0x00000273c5d0a4e0 JavaThread "RMI TCP Connection(2)-26.117.12.198" daemon [_thread_in_native, id=5484, stack(0x000000adf8800000,0x000000adf8900000) (1024K)]
  0x00000273c5ff2bc0 JavaThread "Catalina-utility-1"                [_thread_blocked, id=14872, stack(0x000000adf8900000,0x000000adf8a00000) (1024K)]
  0x00000273c5ff1180 JavaThread "Catalina-utility-2"                [_thread_blocked, id=3692, stack(0x000000adf8a00000,0x000000adf8b00000) (1024K)]
  0x00000273c5ff2530 JavaThread "container-0"                       [_thread_blocked, id=14352, stack(0x000000adf8b00000,0x000000adf8c00000) (1024K)]
  0x00000273c5ff0af0 JavaThread "http-nio-8094-exec-1"       daemon [_thread_blocked, id=6860, stack(0x000000adf8c00000,0x000000adf8d00000) (1024K)]
  0x00000273c5ff1810 JavaThread "http-nio-8094-exec-2"       daemon [_thread_blocked, id=11924, stack(0x000000adf8d00000,0x000000adf8e00000) (1024K)]
  0x00000273c5ff3250 JavaThread "http-nio-8094-exec-3"       daemon [_thread_blocked, id=11076, stack(0x000000adf8e00000,0x000000adf8f00000) (1024K)]
  0x00000273c5ff0460 JavaThread "http-nio-8094-exec-4"       daemon [_thread_blocked, id=11776, stack(0x000000adf8f00000,0x000000adf9000000) (1024K)]
  0x00000273c7948c60 JavaThread "http-nio-8094-exec-5"       daemon [_thread_blocked, id=9984, stack(0x000000adf9000000,0x000000adf9100000) (1024K)]
  0x00000273c794d490 JavaThread "http-nio-8094-exec-6"       daemon [_thread_blocked, id=11408, stack(0x000000adf9100000,0x000000adf9200000) (1024K)]
  0x00000273c794b3c0 JavaThread "http-nio-8094-exec-7"       daemon [_thread_blocked, id=4076, stack(0x000000adf9200000,0x000000adf9300000) (1024K)]
  0x00000273c7947220 JavaThread "http-nio-8094-exec-8"       daemon [_thread_blocked, id=11412, stack(0x000000adf9300000,0x000000adf9400000) (1024K)]
  0x00000273c79492f0 JavaThread "http-nio-8094-exec-9"       daemon [_thread_blocked, id=2508, stack(0x000000adf9400000,0x000000adf9500000) (1024K)]
  0x00000273c7947f40 JavaThread "http-nio-8094-exec-10"      daemon [_thread_blocked, id=228, stack(0x000000adf9500000,0x000000adf9600000) (1024K)]
  0x00000273c794ad30 JavaThread "http-nio-8094-Poller"       daemon [_thread_in_native, id=11396, stack(0x000000adf9600000,0x000000adf9700000) (1024K)]
  0x00000273c79478b0 JavaThread "http-nio-8094-Acceptor"     daemon [_thread_in_native, id=11028, stack(0x000000adf9700000,0x000000adf9800000) (1024K)]
  0x00000273c7946b90 JavaThread "DestroyJavaVM"                     [_thread_blocked, id=11564, stack(0x000000adf6d00000,0x000000adf6e00000) (1024K)]
  0x00000273c794a010 JavaThread "Neo4jDriverIO-3-1"          daemon [_thread_in_native, id=13320, stack(0x000000adf9800000,0x000000adf9900000) (1024K)]
  0x00000273c794ce00 JavaThread "Neo4jDriverIO-3-2"          daemon [_thread_in_native, id=5088, stack(0x000000adf9900000,0x000000adf9a00000) (1024K)]
  0x00000273c79485d0 JavaThread "Neo4jDriverIO-3-3"          daemon [_thread_in_native, id=8556, stack(0x000000adf9b00000,0x000000adf9c00000) (1024K)]
  0x00000273c794db20 JavaThread "Neo4jDriverIO-3-4"          daemon [_thread_in_native, id=6440, stack(0x000000adf9c00000,0x000000adf9d00000) (1024K)]
  0x00000273c7949980 JavaThread "Neo4jDriverIO-3-5"          daemon [_thread_in_native, id=964, stack(0x000000adf9d00000,0x000000adf9e00000) (1024K)]
  0x00000273c794ba50 JavaThread "Neo4jDriverIO-3-6"          daemon [_thread_in_native, id=1544, stack(0x000000adf9e00000,0x000000adf9f00000) (1024K)]
  0x00000273c794c0e0 JavaThread "Neo4jDriverIO-3-7"          daemon [_thread_in_native, id=11948, stack(0x000000adf9f00000,0x000000adfa000000) (1024K)]
  0x00000273c794c770 JavaThread "Neo4jDriverIO-3-8"          daemon [_thread_in_native, id=9424, stack(0x000000adfa000000,0x000000adfa100000) (1024K)]
Total: 41

Other Threads:
=>0x00000273efef36e0 VMThread "VM Thread"                           [id=6880, stack(0x000000adf7400000,0x000000adf7500000) (1024K)]
  0x00000273efedb950 WatcherThread "VM Periodic Task Thread"        [id=536, stack(0x000000adf7300000,0x000000adf7400000) (1024K)]
  0x00000273dd894ca0 WorkerThread "GC Thread#0"                     [id=5396, stack(0x000000adf6e00000,0x000000adf6f00000) (1024K)]
  0x00000273c5a6bae0 WorkerThread "GC Thread#1"                     [id=3164, stack(0x000000adf8100000,0x000000adf8200000) (1024K)]
  0x00000273c5a73e80 WorkerThread "GC Thread#2"                     [id=14896, stack(0x000000adf8200000,0x000000adf8300000) (1024K)]
  0x00000273c5a7e260 WorkerThread "GC Thread#3"                     [id=11668, stack(0x000000adf8300000,0x000000adf8400000) (1024K)]
  0x00000273dd8a5ab0 ConcurrentGCThread "G1 Main Marker"            [id=12612, stack(0x000000adf6f00000,0x000000adf7000000) (1024K)]
  0x00000273dd8a6680 WorkerThread "G1 Conc#0"                       [id=13588, stack(0x000000adf7000000,0x000000adf7100000) (1024K)]
  0x00000273dd8ee710 ConcurrentGCThread "G1 Refine#0"               [id=14000, stack(0x000000adf7100000,0x000000adf7200000) (1024K)]
  0x00000273efda0560 ConcurrentGCThread "G1 Service"                [id=8592, stack(0x000000adf7200000,0x000000adf7300000) (1024K)]
Total: 10

Threads with active compile tasks:
Total: 0

VM state: at safepoint (normal execution)

VM Mutex/Monitor currently owned by a thread:  ([mutex/lock_event])
[0x00007ffaebc0cbc8] Threads_lock - owner thread: 0x00000273efef36e0
[0x00007ffaebc0ccc8] Heap_lock - owner thread: 0x00000273c5ff0af0

Heap address: 0x0000000700e00000, size: 4082 MB, Compressed Oops mode: Zero based, Oop shift amount: 3

CDS archive(s) mapped at: [0x0000027380000000-0x0000027380c60000-0x0000027380c60000), size 12976128, SharedBaseAddress: 0x0000027380000000, ArchiveRelocationMode: 1.
Compressed class space mapped at: 0x0000027381000000-0x00000273c1000000, reserved size: 1073741824
Narrow klass base: 0x0000027380000000, Narrow klass shift: 0, Narrow klass range: 0x41000000

GC Precious Log:
 CardTable entry size: 512
 Card Set container configuration: InlinePtr #cards 4 size 8 Array Of Cards #cards 16 size 48 Howl #buckets 8 coarsen threshold 3686 Howl Bitmap #cards 512 size 80 coarsen threshold 460 Card regions per heap region 1 cards per card region 4096
 CPUs: 4 total, 4 available
 Memory: 16321M
 Large Page Support: Disabled
 NUMA Support: Disabled
 Compressed Oops: Enabled (Zero based)
 Heap Region Size: 2M
 Heap Min Capacity: 8M
 Heap Initial Capacity: 256M
 Heap Max Capacity: 4082M
 Pre-touch: Disabled
 Parallel Workers: 4
 Concurrent Workers: 1
 Concurrent Refinement Workers: 4
 Periodic GC: Disabled

Heap:
 garbage-first heap   total reserved 4179968K, committed 270336K, used 132963K [0x0000000700e00000, 0x0000000800000000)
  region size 2048K, 3 young (6144K), 3 survivors (6144K)
 Metaspace       used 40129K, committed 40896K, reserved 1114112K
  class space    used 5706K, committed 6080K, reserved 1048576K

Heap Regions: E=young(eden), S=young(survivor), O=old, HS=humongous(starts), HC=humongous(continues), CS=collection set, F=free, TAMS=top-at-mark-start, PB=parsable bottom
|   0|0x0000000700e00000, 0x0000000701000000, 0x0000000701000000|100%| O|  |TAMS 0x0000000701000000| PB 0x0000000700e00000| Untracked |  0
|   1|0x0000000701000000, 0x0000000701200000, 0x0000000701200000|100%| O|  |TAMS 0x0000000701200000| PB 0x0000000701000000| Untracked |  0
|   2|0x0000000701200000, 0x0000000701400000, 0x0000000701400000|100%| O|  |TAMS 0x0000000701400000| PB 0x0000000701200000| Untracked |  0
|   3|0x0000000701400000, 0x0000000701600000, 0x0000000701600000|100%| O|  |TAMS 0x0000000701600000| PB 0x0000000701400000| Untracked |  0
|   4|0x0000000701600000, 0x0000000701800000, 0x0000000701800000|100%| O|  |TAMS 0x0000000701800000| PB 0x0000000701600000| Untracked |  0
|   5|0x0000000701800000, 0x0000000701a00000, 0x0000000701a00000|100%| O|  |TAMS 0x0000000701a00000| PB 0x0000000701800000| Untracked |  0
|   6|0x0000000701a00000, 0x0000000701c00000, 0x0000000701c00000|100%| O|  |TAMS 0x0000000701c00000| PB 0x0000000701a00000| Untracked |  0
|   7|0x0000000701c00000, 0x0000000701e00000, 0x0000000701e00000|100%| O|  |TAMS 0x0000000701e00000| PB 0x0000000701c00000| Untracked |  0
|   8|0x0000000701e00000, 0x0000000702000000, 0x0000000702000000|100%| O|  |TAMS 0x0000000702000000| PB 0x0000000701e00000| Untracked |  0
|   9|0x0000000702000000, 0x0000000702200000, 0x0000000702200000|100%| O|  |TAMS 0x0000000702200000| PB 0x0000000702000000| Untracked |  0
|  10|0x0000000702200000, 0x0000000702400000, 0x0000000702400000|100%| O|  |TAMS 0x0000000702400000| PB 0x0000000702200000| Untracked |  0
|  11|0x0000000702400000, 0x0000000702600000, 0x0000000702600000|100%| O|  |TAMS 0x0000000702600000| PB 0x0000000702400000| Untracked |  0
|  12|0x0000000702600000, 0x0000000702800000, 0x0000000702800000|100%| O|  |TAMS 0x0000000702800000| PB 0x0000000702600000| Untracked |  0
|  13|0x0000000702800000, 0x0000000702a00000, 0x0000000702a00000|100%| O|  |TAMS 0x0000000702a00000| PB 0x0000000702800000| Untracked |  0
|  14|0x0000000702a00000, 0x0000000702c00000, 0x0000000702c00000|100%| O|  |TAMS 0x0000000702c00000| PB 0x0000000702a00000| Untracked |  0
|  15|0x0000000702c00000, 0x0000000702e00000, 0x0000000702e00000|100%| O|  |TAMS 0x0000000702e00000| PB 0x0000000702c00000| Untracked |  0
|  16|0x0000000702e00000, 0x0000000703000000, 0x0000000703000000|100%| O|  |TAMS 0x0000000703000000| PB 0x0000000702e00000| Untracked |  0
|  17|0x0000000703000000, 0x0000000703200000, 0x0000000703200000|100%| O|  |TAMS 0x0000000703200000| PB 0x0000000703000000| Untracked |  0
|  18|0x0000000703200000, 0x0000000703400000, 0x0000000703400000|100%| O|  |TAMS 0x0000000703400000| PB 0x0000000703200000| Untracked |  0
|  19|0x0000000703400000, 0x0000000703600000, 0x0000000703600000|100%| O|  |TAMS 0x0000000703600000| PB 0x0000000703400000| Untracked |  0
|  20|0x0000000703600000, 0x0000000703800000, 0x0000000703800000|100%| O|  |TAMS 0x0000000703800000| PB 0x0000000703600000| Untracked |  0
|  21|0x0000000703800000, 0x0000000703a00000, 0x0000000703a00000|100%| O|  |TAMS 0x0000000703a00000| PB 0x0000000703800000| Untracked |  0
|  22|0x0000000703a00000, 0x0000000703c00000, 0x0000000703c00000|100%| O|  |TAMS 0x0000000703c00000| PB 0x0000000703a00000| Untracked |  0
|  23|0x0000000703c00000, 0x0000000703e00000, 0x0000000703e00000|100%| O|  |TAMS 0x0000000703e00000| PB 0x0000000703c00000| Untracked |  0
|  24|0x0000000703e00000, 0x0000000704000000, 0x0000000704000000|100%| O|  |TAMS 0x0000000704000000| PB 0x0000000703e00000| Untracked |  0
|  25|0x0000000704000000, 0x0000000704200000, 0x0000000704200000|100%| O|  |TAMS 0x0000000704200000| PB 0x0000000704000000| Untracked |  0
|  26|0x0000000704200000, 0x0000000704400000, 0x0000000704400000|100%| O|  |TAMS 0x0000000704400000| PB 0x0000000704200000| Untracked |  0
|  27|0x0000000704400000, 0x0000000704600000, 0x0000000704600000|100%| O|  |TAMS 0x0000000704600000| PB 0x0000000704400000| Untracked |  0
|  28|0x0000000704600000, 0x0000000704800000, 0x0000000704800000|100%| O|  |TAMS 0x0000000704800000| PB 0x0000000704600000| Untracked |  0
|  29|0x0000000704800000, 0x0000000704a00000, 0x0000000704a00000|100%| O|  |TAMS 0x0000000704a00000| PB 0x0000000704800000| Untracked |  0
|  30|0x0000000704a00000, 0x0000000704c00000, 0x0000000704c00000|100%| O|  |TAMS 0x0000000704c00000| PB 0x0000000704a00000| Untracked |  0
|  31|0x0000000704c00000, 0x0000000704e00000, 0x0000000704e00000|100%| O|  |TAMS 0x0000000704e00000| PB 0x0000000704c00000| Untracked |  0
|  32|0x0000000704e00000, 0x0000000705000000, 0x0000000705000000|100%| O|  |TAMS 0x0000000705000000| PB 0x0000000704e00000| Untracked |  0
|  33|0x0000000705000000, 0x0000000705200000, 0x0000000705200000|100%| O|  |TAMS 0x0000000705200000| PB 0x0000000705000000| Untracked |  0
|  34|0x0000000705200000, 0x0000000705400000, 0x0000000705400000|100%| O|  |TAMS 0x0000000705400000| PB 0x0000000705200000| Untracked |  0
|  35|0x0000000705400000, 0x0000000705600000, 0x0000000705600000|100%| O|  |TAMS 0x0000000705600000| PB 0x0000000705400000| Untracked |  0
|  36|0x0000000705600000, 0x0000000705800000, 0x0000000705800000|100%| O|  |TAMS 0x0000000705800000| PB 0x0000000705600000| Untracked |  0
|  37|0x0000000705800000, 0x0000000705a00000, 0x0000000705a00000|100%| O|  |TAMS 0x0000000705a00000| PB 0x0000000705800000| Untracked |  0
|  38|0x0000000705a00000, 0x0000000705c00000, 0x0000000705c00000|100%| O|  |TAMS 0x0000000705c00000| PB 0x0000000705a00000| Untracked |  0
|  39|0x0000000705c00000, 0x0000000705e00000, 0x0000000705e00000|100%| O|  |TAMS 0x0000000705e00000| PB 0x0000000705c00000| Untracked |  0
|  40|0x0000000705e00000, 0x0000000706000000, 0x0000000706000000|100%| O|  |TAMS 0x0000000706000000| PB 0x0000000705e00000| Untracked |  0
|  41|0x0000000706000000, 0x0000000706200000, 0x0000000706200000|100%| O|  |TAMS 0x0000000706200000| PB 0x0000000706000000| Untracked |  0
|  42|0x0000000706200000, 0x0000000706400000, 0x0000000706400000|100%| O|  |TAMS 0x0000000706400000| PB 0x0000000706200000| Untracked |  0
|  43|0x0000000706400000, 0x0000000706600000, 0x0000000706600000|100%| O|  |TAMS 0x0000000706600000| PB 0x0000000706400000| Untracked |  0
|  44|0x0000000706600000, 0x0000000706800000, 0x0000000706800000|100%| O|  |TAMS 0x0000000706800000| PB 0x0000000706600000| Untracked |  0
|  45|0x0000000706800000, 0x0000000706a00000, 0x0000000706a00000|100%| O|  |TAMS 0x0000000706a00000| PB 0x0000000706800000| Untracked |  0
|  46|0x0000000706a00000, 0x0000000706c00000, 0x0000000706c00000|100%| O|  |TAMS 0x0000000706c00000| PB 0x0000000706a00000| Untracked |  0
|  47|0x0000000706c00000, 0x0000000706e00000, 0x0000000706e00000|100%| O|  |TAMS 0x0000000706e00000| PB 0x0000000706c00000| Untracked |  0
|  48|0x0000000706e00000, 0x0000000707000000, 0x0000000707000000|100%| O|  |TAMS 0x0000000706f7c0f0| PB 0x0000000706e00000| Untracked |  0
|  49|0x0000000707000000, 0x0000000707200000, 0x0000000707200000|100%| O|  |TAMS 0x0000000707000000| PB 0x0000000707000000| Untracked |  0
|  50|0x0000000707200000, 0x0000000707400000, 0x0000000707400000|100%| O|  |TAMS 0x0000000707200000| PB 0x0000000707200000| Untracked |  0
|  51|0x0000000707400000, 0x0000000707600000, 0x0000000707600000|100%| O|  |TAMS 0x0000000707400000| PB 0x0000000707400000| Untracked |  0
|  52|0x0000000707600000, 0x0000000707800000, 0x0000000707800000|100%| O|  |TAMS 0x0000000707600000| PB 0x0000000707600000| Untracked |  0
|  53|0x0000000707800000, 0x0000000707a00000, 0x0000000707a00000|100%| O|  |TAMS 0x0000000707800000| PB 0x0000000707800000| Untracked |  0
|  54|0x0000000707a00000, 0x0000000707c00000, 0x0000000707c00000|100%| O|  |TAMS 0x0000000707a00000| PB 0x0000000707a00000| Untracked |  0
|  55|0x0000000707c00000, 0x0000000707e00000, 0x0000000707e00000|100%| O|  |TAMS 0x0000000707c00000| PB 0x0000000707c00000| Untracked |  0
|  56|0x0000000707e00000, 0x0000000708000000, 0x0000000708000000|100%| O|  |TAMS 0x0000000707e00000| PB 0x0000000707e00000| Untracked |  0
|  57|0x0000000708000000, 0x00000007081d8e40, 0x0000000708200000| 92%| O|  |TAMS 0x0000000708000000| PB 0x0000000708000000| Untracked |  0
|  58|0x0000000708200000, 0x0000000708200000, 0x0000000708400000|  0%| F|  |TAMS 0x0000000708200000| PB 0x0000000708200000| Untracked |  0
|  59|0x0000000708400000, 0x0000000708400000, 0x0000000708600000|  0%| F|  |TAMS 0x0000000708400000| PB 0x0000000708400000| Untracked |  0
|  60|0x0000000708600000, 0x0000000708600000, 0x0000000708800000|  0%| F|  |TAMS 0x0000000708600000| PB 0x0000000708600000| Untracked |  0
|  61|0x0000000708800000, 0x0000000708800000, 0x0000000708a00000|  0%| F|  |TAMS 0x0000000708800000| PB 0x0000000708800000| Untracked |  0
|  62|0x0000000708a00000, 0x0000000708a00000, 0x0000000708c00000|  0%| F|  |TAMS 0x0000000708a00000| PB 0x0000000708a00000| Untracked |  0
|  63|0x0000000708c00000, 0x0000000708c00000, 0x0000000708e00000|  0%| F|  |TAMS 0x0000000708c00000| PB 0x0000000708c00000| Untracked |  0
|  64|0x0000000708e00000, 0x0000000708e00000, 0x0000000709000000|  0%| F|  |TAMS 0x0000000708e00000| PB 0x0000000708e00000| Untracked |  0
|  65|0x0000000709000000, 0x0000000709200000, 0x0000000709200000|100%| S|CS|TAMS 0x0000000709000000| PB 0x0000000709000000| Complete |  0
|  66|0x0000000709200000, 0x0000000709200000, 0x0000000709400000|  0%| F|  |TAMS 0x0000000709200000| PB 0x0000000709200000| Untracked |  0
|  67|0x0000000709400000, 0x0000000709600000, 0x0000000709600000|100%| S|CS|TAMS 0x0000000709400000| PB 0x0000000709400000| Complete |  0
|  68|0x0000000709600000, 0x0000000709800000, 0x0000000709800000|100%| S|CS|TAMS 0x0000000709600000| PB 0x0000000709600000| Complete |  0
|  69|0x0000000709800000, 0x0000000709800000, 0x0000000709a00000|  0%| F|  |TAMS 0x0000000709800000| PB 0x0000000709800000| Untracked |  0
|  70|0x0000000709a00000, 0x0000000709a00000, 0x0000000709c00000|  0%| F|  |TAMS 0x0000000709a00000| PB 0x0000000709a00000| Untracked |  0
|  71|0x0000000709c00000, 0x0000000709c00000, 0x0000000709e00000|  0%| F|  |TAMS 0x0000000709c00000| PB 0x0000000709c00000| Untracked |  0
|  72|0x0000000709e00000, 0x0000000709e00000, 0x000000070a000000|  0%| F|  |TAMS 0x0000000709e00000| PB 0x0000000709e00000| Untracked |  0
|  73|0x000000070a000000, 0x000000070a000000, 0x000000070a200000|  0%| F|  |TAMS 0x000000070a000000| PB 0x000000070a000000| Untracked |  0
|  74|0x000000070a200000, 0x000000070a200000, 0x000000070a400000|  0%| F|  |TAMS 0x000000070a200000| PB 0x000000070a200000| Untracked |  0
|  75|0x000000070a400000, 0x000000070a400000, 0x000000070a600000|  0%| F|  |TAMS 0x000000070a400000| PB 0x000000070a400000| Untracked |  0
|  76|0x000000070a600000, 0x000000070a600000, 0x000000070a800000|  0%| F|  |TAMS 0x000000070a600000| PB 0x000000070a600000| Untracked |  0
|  77|0x000000070a800000, 0x000000070a800000, 0x000000070aa00000|  0%| F|  |TAMS 0x000000070a800000| PB 0x000000070a800000| Untracked |  0
|  78|0x000000070aa00000, 0x000000070aa00000, 0x000000070ac00000|  0%| F|  |TAMS 0x000000070aa00000| PB 0x000000070aa00000| Untracked |  0
|  79|0x000000070ac00000, 0x000000070ac00000, 0x000000070ae00000|  0%| F|  |TAMS 0x000000070ac00000| PB 0x000000070ac00000| Untracked |  0
|  80|0x000000070ae00000, 0x000000070ae00000, 0x000000070b000000|  0%| F|  |TAMS 0x000000070ae00000| PB 0x000000070ae00000| Untracked |  0
|  81|0x000000070b000000, 0x000000070b000000, 0x000000070b200000|  0%| F|  |TAMS 0x000000070b000000| PB 0x000000070b000000| Untracked |  0
|  82|0x000000070b200000, 0x000000070b200000, 0x000000070b400000|  0%| F|  |TAMS 0x000000070b200000| PB 0x000000070b200000| Untracked |  0
|  83|0x000000070b400000, 0x000000070b400000, 0x000000070b600000|  0%| F|  |TAMS 0x000000070b400000| PB 0x000000070b400000| Untracked |  0
|  84|0x000000070b600000, 0x000000070b600000, 0x000000070b800000|  0%| F|  |TAMS 0x000000070b600000| PB 0x000000070b600000| Untracked |  0
|  85|0x000000070b800000, 0x000000070b800000, 0x000000070ba00000|  0%| F|  |TAMS 0x000000070b800000| PB 0x000000070b800000| Untracked |  0
|  86|0x000000070ba00000, 0x000000070ba00000, 0x000000070bc00000|  0%| F|  |TAMS 0x000000070ba00000| PB 0x000000070ba00000| Untracked |  0
|  87|0x000000070bc00000, 0x000000070bc00000, 0x000000070be00000|  0%| F|  |TAMS 0x000000070bc00000| PB 0x000000070bc00000| Untracked |  0
|  88|0x000000070be00000, 0x000000070be00000, 0x000000070c000000|  0%| F|  |TAMS 0x000000070be00000| PB 0x000000070be00000| Untracked |  0
|  89|0x000000070c000000, 0x000000070c000000, 0x000000070c200000|  0%| F|  |TAMS 0x000000070c000000| PB 0x000000070c000000| Untracked |  0
|  90|0x000000070c200000, 0x000000070c200000, 0x000000070c400000|  0%| F|  |TAMS 0x000000070c200000| PB 0x000000070c200000| Untracked |  0
|  91|0x000000070c400000, 0x000000070c400000, 0x000000070c600000|  0%| F|  |TAMS 0x000000070c400000| PB 0x000000070c400000| Untracked |  0
|  92|0x000000070c600000, 0x000000070c600000, 0x000000070c800000|  0%| F|  |TAMS 0x000000070c600000| PB 0x000000070c600000| Untracked |  0
|  93|0x000000070c800000, 0x000000070c800000, 0x000000070ca00000|  0%| F|  |TAMS 0x000000070c800000| PB 0x000000070c800000| Untracked |  0
|  94|0x000000070ca00000, 0x000000070ca00000, 0x000000070cc00000|  0%| F|  |TAMS 0x000000070ca00000| PB 0x000000070ca00000| Untracked |  0
|  95|0x000000070cc00000, 0x000000070cc00000, 0x000000070ce00000|  0%| F|  |TAMS 0x000000070cc00000| PB 0x000000070cc00000| Untracked |  0
|  96|0x000000070ce00000, 0x000000070ce00000, 0x000000070d000000|  0%| F|  |TAMS 0x000000070ce00000| PB 0x000000070ce00000| Untracked |  0
|  97|0x000000070d000000, 0x000000070d000000, 0x000000070d200000|  0%| F|  |TAMS 0x000000070d000000| PB 0x000000070d000000| Untracked |  0
|  98|0x000000070d200000, 0x000000070d200000, 0x000000070d400000|  0%| F|  |TAMS 0x000000070d200000| PB 0x000000070d200000| Untracked |  0
|  99|0x000000070d400000, 0x000000070d400000, 0x000000070d600000|  0%| F|  |TAMS 0x000000070d400000| PB 0x000000070d400000| Untracked |  0
| 100|0x000000070d600000, 0x000000070d600000, 0x000000070d800000|  0%| F|  |TAMS 0x000000070d600000| PB 0x000000070d600000| Untracked |  0
| 101|0x000000070d800000, 0x000000070d800000, 0x000000070da00000|  0%| F|  |TAMS 0x000000070d800000| PB 0x000000070d800000| Untracked |  0
| 102|0x000000070da00000, 0x000000070da00000, 0x000000070dc00000|  0%| F|  |TAMS 0x000000070da00000| PB 0x000000070da00000| Untracked |  0
| 103|0x000000070dc00000, 0x000000070dc00000, 0x000000070de00000|  0%| F|  |TAMS 0x000000070dc00000| PB 0x000000070dc00000| Untracked |  0
| 104|0x000000070de00000, 0x000000070de00000, 0x000000070e000000|  0%| F|  |TAMS 0x000000070de00000| PB 0x000000070de00000| Untracked |  0
| 105|0x000000070e000000, 0x000000070e000000, 0x000000070e200000|  0%| F|  |TAMS 0x000000070e000000| PB 0x000000070e000000| Untracked |  0
| 106|0x000000070e200000, 0x000000070e200000, 0x000000070e400000|  0%| F|  |TAMS 0x000000070e200000| PB 0x000000070e200000| Untracked |  0
| 107|0x000000070e400000, 0x000000070e400000, 0x000000070e600000|  0%| F|  |TAMS 0x000000070e400000| PB 0x000000070e400000| Untracked |  0
| 108|0x000000070e600000, 0x000000070e600000, 0x000000070e800000|  0%| F|  |TAMS 0x000000070e600000| PB 0x000000070e600000| Untracked |  0
| 109|0x000000070e800000, 0x000000070e800000, 0x000000070ea00000|  0%| F|  |TAMS 0x000000070e800000| PB 0x000000070e800000| Untracked |  0
| 110|0x000000070ea00000, 0x000000070ea00000, 0x000000070ec00000|  0%| F|  |TAMS 0x000000070ea00000| PB 0x000000070ea00000| Untracked |  0
| 111|0x000000070ec00000, 0x000000070ec00000, 0x000000070ee00000|  0%| F|  |TAMS 0x000000070ec00000| PB 0x000000070ec00000| Untracked |  0
| 112|0x000000070ee00000, 0x000000070ee00000, 0x000000070f000000|  0%| F|  |TAMS 0x000000070ee00000| PB 0x000000070ee00000| Untracked |  0
| 113|0x000000070f000000, 0x000000070f000000, 0x000000070f200000|  0%| F|  |TAMS 0x000000070f000000| PB 0x000000070f000000| Untracked |  0
| 114|0x000000070f200000, 0x000000070f200000, 0x000000070f400000|  0%| F|  |TAMS 0x000000070f200000| PB 0x000000070f200000| Untracked |  0
| 115|0x000000070f400000, 0x000000070f400000, 0x000000070f600000|  0%| F|  |TAMS 0x000000070f400000| PB 0x000000070f400000| Untracked |  0
| 116|0x000000070f600000, 0x000000070f600000, 0x000000070f800000|  0%| F|  |TAMS 0x000000070f600000| PB 0x000000070f600000| Untracked |  0
| 117|0x000000070f800000, 0x000000070f800000, 0x000000070fa00000|  0%| F|  |TAMS 0x000000070f800000| PB 0x000000070f800000| Untracked |  0
| 118|0x000000070fa00000, 0x000000070fa00000, 0x000000070fc00000|  0%| F|  |TAMS 0x000000070fa00000| PB 0x000000070fa00000| Untracked |  0
| 119|0x000000070fc00000, 0x000000070fc00000, 0x000000070fe00000|  0%| F|  |TAMS 0x000000070fc00000| PB 0x000000070fc00000| Untracked |  0
| 120|0x000000070fe00000, 0x000000070fe00000, 0x0000000710000000|  0%| F|  |TAMS 0x000000070fe00000| PB 0x000000070fe00000| Untracked |  0
| 121|0x0000000710000000, 0x0000000710000000, 0x0000000710200000|  0%| F|  |TAMS 0x0000000710000000| PB 0x0000000710000000| Untracked |  0
| 122|0x0000000710200000, 0x0000000710200000, 0x0000000710400000|  0%| F|  |TAMS 0x0000000710200000| PB 0x0000000710200000| Untracked |  0
| 123|0x0000000710400000, 0x0000000710400000, 0x0000000710600000|  0%| F|  |TAMS 0x0000000710400000| PB 0x0000000710400000| Untracked |  0
| 124|0x0000000710600000, 0x0000000710600000, 0x0000000710800000|  0%| F|  |TAMS 0x0000000710600000| PB 0x0000000710600000| Untracked |  0
| 125|0x0000000710800000, 0x0000000710800000, 0x0000000710a00000|  0%| F|  |TAMS 0x0000000710800000| PB 0x0000000710800000| Untracked |  0
| 126|0x0000000710a00000, 0x0000000710a00000, 0x0000000710c00000|  0%| F|  |TAMS 0x0000000710a00000| PB 0x0000000710a00000| Untracked |  0
| 127|0x0000000710c00000, 0x0000000710c00000, 0x0000000710e00000|  0%| F|  |TAMS 0x0000000710c00000| PB 0x0000000710c00000| Untracked |  0
|2037|0x00000007ff800000, 0x00000007ffa00000, 0x00000007ffa00000|100%| O|  |TAMS 0x00000007ffa00000| PB 0x00000007ff800000| Untracked |  0
|2038|0x00000007ffa00000, 0x00000007ffc00000, 0x00000007ffc00000|100%| O|  |TAMS 0x00000007ffc00000| PB 0x00000007ffa00000| Untracked |  0
|2039|0x00000007ffc00000, 0x00000007ffe00000, 0x00000007ffe00000|100%| O|  |TAMS 0x00000007ffe00000| PB 0x00000007ffc00000| Untracked |  0
|2040|0x00000007ffe00000, 0x0000000800000000, 0x0000000800000000|100%| O|  |TAMS 0x0000000800000000| PB 0x00000007ffe00000| Untracked |  0

Card table byte_map: [0x00000273e9370000,0x00000273e9b70000] _byte_map_base: 0x00000273e5b69000

Marking Bits: (CMBitMap*) 0x00000273dd8952c0
 Bits: [0x00000273e9b70000, 0x00000273edb38000)

Polling page: 0x00000273dcff0000

Metaspace:

Usage:
  Non-class:     33.62 MB used.
      Class:      5.57 MB used.
       Both:     39.19 MB used.

Virtual space:
  Non-class space:       64.00 MB reserved,      34.00 MB ( 53%) committed,  1 nodes.
      Class space:        1.00 GB reserved,       5.94 MB ( <1%) committed,  1 nodes.
             Both:        1.06 GB reserved,      39.94 MB (  4%) committed. 

Chunk freelists:
   Non-Class:  13.95 MB
       Class:  9.98 MB
        Both:  23.94 MB

MaxMetaspaceSize: unlimited
CompressedClassSpaceSize: 1.00 GB
Initial GC threshold: 21.00 MB
Current GC threshold: 66.38 MB
CDS: on
 - commit_granule_bytes: 65536.
 - commit_granule_words: 8192.
 - virtual_space_node_default_size: 8388608.
 - enlarge_chunks_in_place: 1.
 - use_allocation_guard: 0.


Internal statistics:

num_allocs_failed_limit: 6.
num_arena_births: 984.
num_arena_deaths: 0.
num_vsnodes_births: 2.
num_vsnodes_deaths: 0.
num_space_committed: 639.
num_space_uncommitted: 0.
num_chunks_returned_to_freelist: 6.
num_chunks_taken_from_freelist: 2415.
num_chunk_merges: 6.
num_chunk_splits: 1664.
num_chunks_enlarged: 1189.
num_inconsistent_stats: 0.

CodeCache: size=49152Kb used=10236Kb max_used=10236Kb free=38915Kb
 bounds [0x00000273e5b70000, 0x00000273e6570000, 0x00000273e8b70000]
 total_blobs=5681 nmethods=5031 adapters=572
 compilation: enabled
              stopped_count=0, restarted_count=0
 full_count=0

Compilation events (20 events):
Event: 8.625 Thread 0x00000273c52866a0 5097       1       org.neo4j.ogm.response.model.DefaultGraphModel::addRelationships (44 bytes)
Event: 8.626 Thread 0x00000273eff1bdc0 nmethod 5096 0x00000273e6240010 code [0x00000273e62401c0, 0x00000273e6240350]
Event: 8.626 Thread 0x00000273eff1bdc0 5098       1       org.neo4j.ogm.context.GraphEntityMapper$$Lambda/0x00000273815fdb58::accept (32 bytes)
Event: 8.626 Thread 0x00000273c52866a0 nmethod 5097 0x00000273e623fb90 code [0x00000273e623fd40, 0x00000273e623fed0]
Event: 8.626 Thread 0x00000273c5228bd0 nmethod 5094 0x00000273e623f090 code [0x00000273e623f2a0, 0x00000273e623f968]
Event: 8.626 Thread 0x00000273c5228bd0 5099       1       org.neo4j.ogm.context.GraphEntityMapper::lambda$map$1 (14 bytes)
Event: 8.626 Thread 0x00000273eff1bdc0 nmethod 5098 0x00000273e623ec90 code [0x00000273e623ee40, 0x00000273e623efb8]
Event: 8.626 Thread 0x00000273c52866a0 5100   !   1       org.neo4j.ogm.context.GraphEntityMapper::mapContentOf (131 bytes)
Event: 8.626 Thread 0x00000273eff1bdc0 5101       1       org.neo4j.ogm.context.GraphEntityMapper$$Lambda/0x00000273816009b0::<init> (15 bytes)
Event: 8.626 Thread 0x00000273c5228bd0 nmethod 5099 0x00000273e623e910 code [0x00000273e623eaa0, 0x00000273e623eba0]
Event: 8.626 Thread 0x00000273c5228bd0 5102       1       org.neo4j.ogm.context.GraphEntityMapper::mapNodes (241 bytes)
Event: 8.626 Thread 0x00000273eff1bdc0 nmethod 5101 0x00000273e623e590 code [0x00000273e623e720, 0x00000273e623e890]
Event: 8.626 Thread 0x00000273eff1bdc0 5103       1       org.neo4j.ogm.response.model.DefaultGraphModel::getNodes (10 bytes)
Event: 8.626 Thread 0x00000273eff1bdc0 nmethod 5103 0x00000273e623e290 code [0x00000273e623e420, 0x00000273e623e518]
Event: 8.626 Thread 0x00000273eff1bdc0 5104       1       org.neo4j.ogm.context.GraphEntityMapper::mapRelationships (184 bytes)
Event: 8.627 Thread 0x00000273c5228bd0 nmethod 5102 0x00000273e656bd90 code [0x00000273e656c140, 0x00000273e656cc00]
Event: 8.627 Thread 0x00000273c52866a0 nmethod 5100 0x00000273e656d310 code [0x00000273e656d620, 0x00000273e656e158]
Event: 8.627 Thread 0x00000273eff1bdc0 nmethod 5104 0x00000273e656eb90 code [0x00000273e656ee40, 0x00000273e656f748]
Event: 8.627 Thread 0x00000273c5228bd0 5105       1       org.neo4j.ogm.response.model.DefaultGraphModel::getRelationships (10 bytes)
Event: 8.627 Thread 0x00000273c5228bd0 nmethod 5105 0x00000273e623df90 code [0x00000273e623e120, 0x00000273e623e218]

GC Heap History (20 events):
Event: 4.513 GC heap after
{Heap after GC invocations=7 (full 0):
 garbage-first heap   total reserved 4179968K, committed 155648K, used 16228K [0x0000000700e00000, 0x0000000800000000)
  region size 2048K, 2 young (4096K), 2 survivors (4096K)
 Metaspace       used 28505K, committed 29120K, reserved 1114112K
  class space    used 3932K, committed 4224K, reserved 1048576K
}
Event: 5.515 GC heap before
{Heap before GC invocations=7 (full 0):
 garbage-first heap   total reserved 4179968K, committed 155648K, used 71524K [0x0000000700e00000, 0x0000000800000000)
  region size 2048K, 31 young (63488K), 2 survivors (4096K)
 Metaspace       used 35270K, committed 35968K, reserved 1114112K
  class space    used 4935K, committed 5248K, reserved 1048576K
}
Event: 5.533 GC heap after
{Heap after GC invocations=8 (full 0):
 garbage-first heap   total reserved 4179968K, committed 155648K, used 24765K [0x0000000700e00000, 0x0000000800000000)
  region size 2048K, 6 young (12288K), 6 survivors (12288K)
 Metaspace       used 35270K, committed 35968K, reserved 1114112K
  class space    used 4935K, committed 5248K, reserved 1048576K
}
Event: 7.112 GC heap before
{Heap before GC invocations=9 (full 0):
 garbage-first heap   total reserved 4179968K, committed 90112K, used 65725K [0x0000000700e00000, 0x0000000800000000)
  region size 2048K, 26 young (53248K), 6 survivors (12288K)
 Metaspace       used 40014K, committed 40768K, reserved 1114112K
  class space    used 5682K, committed 6016K, reserved 1048576K
}
Event: 7.139 GC heap after
{Heap after GC invocations=10 (full 0):
 garbage-first heap   total reserved 4179968K, committed 92160K, used 35260K [0x0000000700e00000, 0x0000000800000000)
  region size 2048K, 4 young (8192K), 4 survivors (8192K)
 Metaspace       used 40014K, committed 40768K, reserved 1114112K
  class space    used 5682K, committed 6016K, reserved 1048576K
}
Event: 7.622 GC heap before
{Heap before GC invocations=10 (full 0):
 garbage-first heap   total reserved 4179968K, committed 92160K, used 70076K [0x0000000700e00000, 0x0000000800000000)
  region size 2048K, 21 young (43008K), 4 survivors (8192K)
 Metaspace       used 40016K, committed 40768K, reserved 1114112K
  class space    used 5682K, committed 6016K, reserved 1048576K
}
Event: 7.644 GC heap after
{Heap after GC invocations=11 (full 0):
 garbage-first heap   total reserved 4179968K, committed 98304K, used 52224K [0x0000000700e00000, 0x0000000800000000)
  region size 2048K, 3 young (6144K), 3 survivors (6144K)
 Metaspace       used 40016K, committed 40768K, reserved 1114112K
  class space    used 5682K, committed 6016K, reserved 1048576K
}
Event: 7.955 GC heap before
{Heap before GC invocations=11 (full 0):
 garbage-first heap   total reserved 4179968K, committed 98304K, used 74752K [0x0000000700e00000, 0x0000000800000000)
  region size 2048K, 15 young (30720K), 3 survivors (6144K)
 Metaspace       used 40016K, committed 40768K, reserved 1114112K
  class space    used 5682K, committed 6016K, reserved 1048576K
}
Event: 7.974 GC heap after
{Heap after GC invocations=12 (full 0):
 garbage-first heap   total reserved 4179968K, committed 98304K, used 66560K [0x0000000700e00000, 0x0000000800000000)
  region size 2048K, 2 young (4096K), 2 survivors (4096K)
 Metaspace       used 40016K, committed 40768K, reserved 1114112K
  class space    used 5682K, committed 6016K, reserved 1048576K
}
Event: 8.138 GC heap before
{Heap before GC invocations=13 (full 0):
 garbage-first heap   total reserved 4179968K, committed 112640K, used 80896K [0x0000000700e00000, 0x0000000800000000)
  region size 2048K, 9 young (18432K), 2 survivors (4096K)
 Metaspace       used 40016K, committed 40768K, reserved 1114112K
  class space    used 5682K, committed 6016K, reserved 1048576K
}
Event: 8.147 GC heap after
{Heap after GC invocations=14 (full 0):
 garbage-first heap   total reserved 4179968K, committed 112640K, used 75172K [0x0000000700e00000, 0x0000000800000000)
  region size 2048K, 2 young (4096K), 2 survivors (4096K)
 Metaspace       used 40016K, committed 40768K, reserved 1114112K
  class space    used 5682K, committed 6016K, reserved 1048576K
}
Event: 8.231 GC heap before
{Heap before GC invocations=14 (full 0):
 garbage-first heap   total reserved 4179968K, committed 112640K, used 91556K [0x0000000700e00000, 0x0000000800000000)
  region size 2048K, 10 young (20480K), 2 survivors (4096K)
 Metaspace       used 40016K, committed 40768K, reserved 1114112K
  class space    used 5682K, committed 6016K, reserved 1048576K
}
Event: 8.242 GC heap after
{Heap after GC invocations=15 (full 0):
 garbage-first heap   total reserved 4179968K, committed 178176K, used 80286K [0x0000000700e00000, 0x0000000800000000)
  region size 2048K, 2 young (4096K), 2 survivors (4096K)
 Metaspace       used 40016K, committed 40768K, reserved 1114112K
  class space    used 5682K, committed 6016K, reserved 1048576K
}
Event: 8.654 GC heap before
{Heap before GC invocations=15 (full 0):
 garbage-first heap   total reserved 4179968K, committed 178176K, used 129438K [0x0000000700e00000, 0x0000000800000000)
  region size 2048K, 26 young (53248K), 2 survivors (4096K)
 Metaspace       used 40129K, committed 40896K, reserved 1114112K
  class space    used 5706K, committed 6080K, reserved 1048576K
}
Event: 8.673 GC heap after
{Heap after GC invocations=16 (full 0):
 garbage-first heap   total reserved 4179968K, committed 178176K, used 103259K [0x0000000700e00000, 0x0000000800000000)
  region size 2048K, 4 young (8192K), 4 survivors (8192K)
 Metaspace       used 40129K, committed 40896K, reserved 1114112K
  class space    used 5706K, committed 6080K, reserved 1048576K
}
Event: 8.735 GC heap before
{Heap before GC invocations=16 (full 0):
 garbage-first heap   total reserved 4179968K, committed 178176K, used 138075K [0x0000000700e00000, 0x0000000800000000)
  region size 2048K, 21 young (43008K), 4 survivors (8192K)
 Metaspace       used 40129K, committed 40896K, reserved 1114112K
  class space    used 5706K, committed 6080K, reserved 1048576K
}
Event: 8.746 GC heap after
{Heap after GC invocations=17 (full 0):
 garbage-first heap   total reserved 4179968K, committed 178176K, used 114160K [0x0000000700e00000, 0x0000000800000000)
  region size 2048K, 3 young (6144K), 3 survivors (6144K)
 Metaspace       used 40129K, committed 40896K, reserved 1114112K
  class space    used 5706K, committed 6080K, reserved 1048576K
}
Event: 8.807 GC heap before
{Heap before GC invocations=17 (full 0):
 garbage-first heap   total reserved 4179968K, committed 178176K, used 146928K [0x0000000700e00000, 0x0000000800000000)
  region size 2048K, 19 young (38912K), 3 survivors (6144K)
 Metaspace       used 40129K, committed 40896K, reserved 1114112K
  class space    used 5706K, committed 6080K, reserved 1048576K
}
Event: 8.818 GC heap after
{Heap after GC invocations=18 (full 0):
 garbage-first heap   total reserved 4179968K, committed 178176K, used 124013K [0x0000000700e00000, 0x0000000800000000)
  region size 2048K, 3 young (6144K), 3 survivors (6144K)
 Metaspace       used 40129K, committed 40896K, reserved 1114112K
  class space    used 5706K, committed 6080K, reserved 1048576K
}
Event: 8.878 GC heap before
{Heap before GC invocations=18 (full 0):
 garbage-first heap   total reserved 4179968K, committed 178176K, used 152685K [0x0000000700e00000, 0x0000000800000000)
  region size 2048K, 17 young (34816K), 3 survivors (6144K)
 Metaspace       used 40129K, committed 40896K, reserved 1114112K
  class space    used 5706K, committed 6080K, reserved 1048576K
}

Dll operation events (11 events):
Event: 0.037 Loaded shared library C:\Program Files\Java\jdk-22\bin\java.dll
Event: 0.366 Loaded shared library C:\Program Files\Java\jdk-22\bin\zip.dll
Event: 0.376 Loaded shared library C:\Program Files\Java\jdk-22\bin\instrument.dll
Event: 0.387 Loaded shared library C:\Program Files\Java\jdk-22\bin\net.dll
Event: 0.396 Loaded shared library C:\Program Files\Java\jdk-22\bin\nio.dll
Event: 0.402 Loaded shared library C:\Program Files\Java\jdk-22\bin\zip.dll
Event: 0.435 Loaded shared library C:\Program Files\Java\jdk-22\bin\jimage.dll
Event: 0.510 Loaded shared library C:\Program Files\Java\jdk-22\bin\management.dll
Event: 0.514 Loaded shared library C:\Program Files\Java\jdk-22\bin\extnet.dll
Event: 0.520 Loaded shared library C:\Program Files\Java\jdk-22\bin\management_ext.dll
Event: 2.025 Loaded shared library C:\Program Files\Java\jdk-22\bin\sunmscapi.dll

Deoptimization events (0 events):
No events

Classes loaded (20 events):
Event: 5.876 Loading class sun/nio/ch/NativeObject done
Event: 5.876 Loading class sun/nio/ch/AllocatedNativeObject done
Event: 5.876 Loading class sun/nio/ch/IOVecWrapper$Deallocator
Event: 5.877 Loading class sun/nio/ch/IOVecWrapper$Deallocator done
Event: 5.908 Loading class java/util/concurrent/CompletableFuture$MinimalStage
Event: 5.908 Loading class java/util/concurrent/CompletableFuture$MinimalStage done
Event: 5.912 Loading class java/util/concurrent/CompletableFuture$UniExceptionally
Event: 5.912 Loading class java/util/concurrent/CompletableFuture$UniExceptionally done
Event: 5.931 Loading class java/util/concurrent/ConcurrentHashMap$ValueSpliterator
Event: 5.931 Loading class java/util/concurrent/ConcurrentHashMap$ValueSpliterator done
Event: 5.993 Loading class java/util/stream/ReduceOps$1
Event: 5.993 Loading class java/util/stream/ReduceOps$1 done
Event: 5.993 Loading class java/util/stream/ReduceOps$1ReducingSink
Event: 5.993 Loading class java/util/stream/ReduceOps$1ReducingSink done
Event: 5.995 Loading class java/util/OptionalLong
Event: 5.995 Loading class java/util/OptionalLong done
Event: 5.995 Loading class java/util/OptionalDouble
Event: 5.995 Loading class java/util/OptionalDouble done
Event: 8.606 Loading class java/util/Spliterators$IntArraySpliterator
Event: 8.606 Loading class java/util/Spliterators$IntArraySpliterator done

Classes unloaded (0 events):
No events

Classes redefined (0 events):
No events

Internal exceptions (20 events):
Event: 5.348 Thread 0x00000273c794ba50 Exception <a 'sun/nio/fs/WindowsException'{0x0000000708554fb0}> (0x0000000708554fb0) 
thrown [s\open\src\hotspot\share\prims\jni.cpp, line 520]
Event: 5.509 Thread 0x00000273c79485d0 Exception <a 'sun/nio/fs/WindowsException'{0x0000000706c555f8}> (0x0000000706c555f8) 
thrown [s\open\src\hotspot\share\prims\jni.cpp, line 520]
Event: 5.509 Thread 0x00000273c79485d0 Exception <a 'sun/nio/fs/WindowsException'{0x0000000706c558f8}> (0x0000000706c558f8) 
thrown [s\open\src\hotspot\share\prims\jni.cpp, line 520]
Event: 5.573 Thread 0x00000273c5ff0af0 Exception <a 'java/lang/IncompatibleClassChangeError'{0x0000000705616d90}: Found class java.lang.Object, but interface was expected> (0x0000000705616d90) 
thrown [s\open\src\hotspot\share\interpreter\linkResolver.cpp, line 841]
Event: 5.642 Thread 0x00000273c5ff0af0 Exception <a 'java/lang/NoSuchMethodError'{0x0000000705482120}: 'java.lang.Object java.lang.invoke.DirectMethodHandle$Holder.newInvokeSpecial(java.lang.Object, java.lang.Object, java.lang.Object, java.lang.Object, int)'> (0x0000000705482120) 
thrown [s\open\src\hotspot\share\interpreter\linkResolver.cpp, line 774]
Event: 5.643 Thread 0x00000273c5ff0af0 Exception <a 'java/lang/NoSuchMethodError'{0x0000000705486440}: 'java.lang.Object java.lang.invoke.DirectMethodHandle$Holder.invokeSpecial(java.lang.Object, java.lang.Object, java.lang.Object, java.lang.Object, java.lang.Object, int)'> (0x0000000705486440) 
thrown [s\open\src\hotspot\share\interpreter\linkResolver.cpp, line 774]
Event: 5.643 Thread 0x00000273c5ff0af0 Exception <a 'java/lang/NoSuchMethodError'{0x0000000705489f70}: 'java.lang.Object java.lang.invoke.Invokers$Holder.linkToTargetMethod(java.lang.Object, java.lang.Object, java.lang.Object, int, java.lang.Object)'> (0x0000000705489f70) 
thrown [s\open\src\hotspot\share\interpreter\linkResolver.cpp, line 774]
Event: 5.689 Thread 0x00000273c794a010 Exception <a 'java/lang/NoSuchMethodError'{0x000000070520a510}: 'void java.lang.invoke.DirectMethodHandle$Holder.invokeSpecial(java.lang.Object, java.lang.Object, java.lang.Object, java.lang.Object, java.lang.Object, java.lang.Object, java.lang.Object, java.lang.Object)'> (0x000000070520a510) 
thrown [s\open\src\hotspot\share\interpreter\linkResolver.cpp, line 774]
Event: 5.890 Thread 0x00000273c794ce00 Exception <a 'java/lang/NoSuchMethodError'{0x0000000704b8b450}: 'void java.lang.invoke.DirectMethodHandle$Holder.invokeSpecial(java.lang.Object, java.lang.Object, int, java.lang.Object)'> (0x0000000704b8b450) 
thrown [s\open\src\hotspot\share\interpreter\linkResolver.cpp, line 774]
Event: 5.891 Thread 0x00000273c794ce00 Exception <a 'java/lang/NoSuchMethodError'{0x0000000704b91688}: 'java.lang.Object java.lang.invoke.DirectMethodHandle$Holder.newInvokeSpecial(java.lang.Object, java.lang.Object, int, java.lang.Object)'> (0x0000000704b91688) 
thrown [s\open\src\hotspot\share\interpreter\linkResolver.cpp, line 774]
Event: 5.891 Thread 0x00000273c794ce00 Exception <a 'java/lang/NoSuchMethodError'{0x0000000704b95090}: 'java.lang.Object java.lang.invoke.Invokers$Holder.linkToTargetMethod(java.lang.Object, int, java.lang.Object, java.lang.Object)'> (0x0000000704b95090) 
thrown [s\open\src\hotspot\share\interpreter\linkResolver.cpp, line 774]
Event: 5.903 Thread 0x00000273c794ce00 Exception <a 'java/lang/NoSuchMethodError'{0x0000000704804b48}: 'java.lang.Object java.lang.invoke.DirectMethodHandle$Holder.newInvokeSpecial(java.lang.Object, java.lang.Object, java.lang.Object, java.lang.Object, java.lang.Object, java.lang.Object, java.lang.Object, java.lang.Object, java.lang.Object)'> (0x0000000704804b48) 
thrown [s\open\src\hotspot\share\interpreter\linkResolver.cpp, line 774]
Event: 5.954 Thread 0x00000273c5ff0af0 Exception <a 'java/lang/NoSuchMethodError'{0x00000007049a0978}: 'java.lang.Object java.lang.invoke.DirectMethodHandle$Holder.invokeSpecial(java.lang.Object, java.lang.Object, java.lang.Object, java.lang.Object, java.lang.Object, int, java.lang.Object)'> (0x00000007049a0978) 
thrown [s\open\src\hotspot\share\interpreter\linkResolver.cpp, line 774]
Event: 5.957 Thread 0x00000273c5ff0af0 Exception <a 'java/lang/NoSuchMethodError'{0x00000007049a8b60}: 'java.lang.Object java.lang.invoke.DirectMethodHandle$Holder.newInvokeSpecial(java.lang.Object, java.lang.Object, java.lang.Object, java.lang.Object, java.lang.Object, int)'> (0x00000007049a8b60) 
thrown [s\open\src\hotspot\share\interpreter\linkResolver.cpp, line 774]
Event: 5.958 Thread 0x00000273c5ff0af0 Exception <a 'java/lang/NoSuchMethodError'{0x00000007049accd0}: 'java.lang.Object java.lang.invoke.Invokers$Holder.linkToTargetMethod(java.lang.Object, java.lang.Object, java.lang.Object, java.lang.Object, int, java.lang.Object)'> (0x00000007049accd0) 
thrown [s\open\src\hotspot\share\interpreter\linkResolver.cpp, line 774]
Event: 5.992 Thread 0x00000273c5ff0af0 Exception <a 'java/lang/IncompatibleClassChangeError'{0x0000000704686ac0}: Found class java.lang.Object, but interface was expected> (0x0000000704686ac0) 
thrown [s\open\src\hotspot\share\interpreter\linkResolver.cpp, line 841]
Event: 5.993 Thread 0x00000273c5ff0af0 Exception <a 'java/lang/IncompatibleClassChangeError'{0x000000070468c6d0}: Found class java.lang.Object, but interface was expected> (0x000000070468c6d0) 
thrown [s\open\src\hotspot\share\interpreter\linkResolver.cpp, line 841]
Event: 6.043 Thread 0x00000273c5ff0af0 Exception <a 'java/lang/NoSuchMethodError'{0x000000070448d5f0}: 'void java.lang.invoke.DirectMethodHandle$Holder.invokeStaticInit(java.lang.Object)'> (0x000000070448d5f0) 
thrown [s\open\src\hotspot\share\interpreter\linkResolver.cpp, line 774]
Event: 6.048 Thread 0x00000273c5ff0af0 Exception <a 'java/lang/NoSuchMethodError'{0x00000007044c27c0}: 'void java.lang.invoke.DirectMethodHandle$Holder.invokeStatic(java.lang.Object, java.lang.Object, long)'> (0x00000007044c27c0) 
thrown [s\open\src\hotspot\share\interpreter\linkResolver.cpp, line 774]
Event: 6.048 Thread 0x00000273c5ff0af0 Exception <a 'java/lang/NoSuchMethodError'{0x00000007044c81f0}: 'java.lang.Object java.lang.invoke.DirectMethodHandle$Holder.newInvokeSpecial(java.lang.Object, java.lang.Object, long)'> (0x00000007044c81f0) 
thrown [s\open\src\hotspot\share\interpreter\linkResolver.cpp, line 774]

ZGC Phase Switch (0 events):
No events

VM Operations (20 events):
Event: 7.139 Executing VM operation: G1CollectForAllocation (G1 Evacuation Pause) done
Event: 7.622 Executing VM operation: G1CollectForAllocation (G1 Evacuation Pause)
Event: 7.644 Executing VM operation: G1CollectForAllocation (G1 Evacuation Pause) done
Event: 7.955 Executing VM operation: G1CollectForAllocation (G1 Evacuation Pause)
Event: 7.974 Executing VM operation: G1CollectForAllocation (G1 Evacuation Pause) done
Event: 8.050 Executing VM operation: G1PauseRemark
Event: 8.058 Executing VM operation: G1PauseRemark done
Event: 8.084 Executing VM operation: G1PauseCleanup
Event: 8.084 Executing VM operation: G1PauseCleanup done
Event: 8.138 Executing VM operation: G1CollectForAllocation (G1 Evacuation Pause)
Event: 8.147 Executing VM operation: G1CollectForAllocation (G1 Evacuation Pause) done
Event: 8.231 Executing VM operation: G1CollectForAllocation (G1 Evacuation Pause)
Event: 8.242 Executing VM operation: G1CollectForAllocation (G1 Evacuation Pause) done
Event: 8.654 Executing VM operation: G1CollectForAllocation (G1 Evacuation Pause)
Event: 8.673 Executing VM operation: G1CollectForAllocation (G1 Evacuation Pause) done
Event: 8.735 Executing VM operation: G1CollectForAllocation (G1 Evacuation Pause)
Event: 8.746 Executing VM operation: G1CollectForAllocation (G1 Evacuation Pause) done
Event: 8.807 Executing VM operation: G1CollectForAllocation (G1 Evacuation Pause)
Event: 8.818 Executing VM operation: G1CollectForAllocation (G1 Evacuation Pause) done
Event: 8.878 Executing VM operation: G1CollectForAllocation (G1 Evacuation Pause)

Events (20 events):
Event: 8.058 Thread 0x00000273efef36e0 flushing nmethod 0x00000273e619ac90
Event: 8.058 Thread 0x00000273efef36e0 flushing nmethod 0x00000273e619d990
Event: 8.058 Thread 0x00000273efef36e0 flushing nmethod 0x00000273e61dcf90
Event: 8.058 Thread 0x00000273efef36e0 flushing nmethod 0x00000273e61fd310
Event: 8.058 Thread 0x00000273efef36e0 flushing nmethod 0x00000273e623d690
Event: 8.058 Thread 0x00000273efef36e0 flushing nmethod 0x00000273e6247410
Event: 8.058 Thread 0x00000273efef36e0 flushing nmethod 0x00000273e6252b90
Event: 8.058 Thread 0x00000273efef36e0 flushing nmethod 0x00000273e6286b90
Event: 8.058 Thread 0x00000273efef36e0 flushing nmethod 0x00000273e6287a90
Event: 8.058 Thread 0x00000273efef36e0 flushing nmethod 0x00000273e62a4210
Event: 8.058 Thread 0x00000273efef36e0 flushing nmethod 0x00000273e62bdb90
Event: 8.058 Thread 0x00000273efef36e0 flushing nmethod 0x00000273e62e7a90
Event: 8.058 Thread 0x00000273efef36e0 flushing nmethod 0x00000273e62fc290
Event: 8.058 Thread 0x00000273efef36e0 flushing nmethod 0x00000273e6355010
Event: 8.058 Thread 0x00000273efef36e0 flushing nmethod 0x00000273e6387090
Event: 8.058 Thread 0x00000273efef36e0 flushing nmethod 0x00000273e63f2790
Event: 8.058 Thread 0x00000273efef36e0 flushing nmethod 0x00000273e61f7610
Event: 8.058 Thread 0x00000273efef36e0 flushing nmethod 0x00000273e61fce10
Event: 8.058 Thread 0x00000273efef36e0 flushing nmethod 0x00000273e62db490
Event: 8.058 Thread 0x00000273efef36e0 flushing nmethod 0x00000273e62f5b90


Dynamic libraries:
0x00007ff77e980000 - 0x00007ff77e990000 	C:\Program Files\Java\jdk-22\bin\java.exe
0x00007ffb329b0000 - 0x00007ffb32ba8000 	C:\Windows\SYSTEM32\ntdll.dll
0x00007ffb30f30000 - 0x00007ffb30ff2000 	C:\Windows\System32\KERNEL32.DLL
0x00007ffb305f0000 - 0x00007ffb308e6000 	C:\Windows\System32\KERNELBASE.dll
0x00007ffb30050000 - 0x00007ffb30150000 	C:\Windows\System32\ucrtbase.dll
0x00007ffb28be0000 - 0x00007ffb28bf7000 	C:\Program Files\Java\jdk-22\bin\jli.dll
0x00007ffb30c10000 - 0x00007ffb30cbf000 	C:\Windows\System32\ADVAPI32.dll
0x00007ffb31de0000 - 0x00007ffb31e7e000 	C:\Windows\System32\msvcrt.dll
0x00007ffb32110000 - 0x00007ffb321af000 	C:\Windows\System32\sechost.dll
0x00007ffb30cc0000 - 0x00007ffb30de3000 	C:\Windows\System32\RPCRT4.dll
0x00007ffb309b0000 - 0x00007ffb309d7000 	C:\Windows\System32\bcrypt.dll
0x00007ffb28c00000 - 0x00007ffb28c1b000 	C:\Program Files\Java\jdk-22\bin\VCRUNTIME140.dll
0x00007ffb32730000 - 0x00007ffb328cd000 	C:\Windows\System32\USER32.dll
0x00007ffb308f0000 - 0x00007ffb30912000 	C:\Windows\System32\win32u.dll
0x00007ffb30be0000 - 0x00007ffb30c0b000 	C:\Windows\System32\GDI32.dll
0x00007ffb30150000 - 0x00007ffb3026a000 	C:\Windows\System32\gdi32full.dll
0x00007ffb30340000 - 0x00007ffb303dd000 	C:\Windows\System32\msvcp_win.dll
0x00007ffb1df60000 - 0x00007ffb1e1fa000 	C:\Windows\WinSxS\amd64_microsoft.windows.common-controls_6595b64144ccf1df_6.0.19041.5794_none_60bcd33171f2783c\COMCTL32.dll
0x00007ffb2c220000 - 0x00007ffb2c22a000 	C:\Windows\SYSTEM32\VERSION.dll
0x00007ffb32940000 - 0x00007ffb3296f000 	C:\Windows\System32\IMM32.DLL
0x00007ffb28430000 - 0x00007ffb2843c000 	C:\Program Files\Java\jdk-22\bin\vcruntime140_1.dll
0x00007ffb283a0000 - 0x00007ffb2842e000 	C:\Program Files\Java\jdk-22\bin\msvcp140.dll
0x00007ffaeafa0000 - 0x00007ffaebce8000 	C:\Program Files\Java\jdk-22\bin\server\jvm.dll
0x00007ffb328d0000 - 0x00007ffb3293b000 	C:\Windows\System32\WS2_32.dll
0x00007ffb2f980000 - 0x00007ffb2f9cb000 	C:\Windows\SYSTEM32\POWRPROF.dll
0x00007ffb26cf0000 - 0x00007ffb26d17000 	C:\Windows\SYSTEM32\WINMM.dll
0x00007ffb2f960000 - 0x00007ffb2f972000 	C:\Windows\SYSTEM32\UMPDC.dll
0x00007ffb2e840000 - 0x00007ffb2e852000 	C:\Windows\SYSTEM32\kernel.appcore.dll
0x00007ffb28390000 - 0x00007ffb2839a000 	C:\Program Files\Java\jdk-22\bin\jimage.dll
0x00007ffb2d4f0000 - 0x00007ffb2d6f1000 	C:\Windows\SYSTEM32\DBGHELP.DLL
0x00007ffb0ad90000 - 0x00007ffb0adc4000 	C:\Windows\SYSTEM32\dbgcore.DLL
0x00007ffb30920000 - 0x00007ffb309a2000 	C:\Windows\System32\bcryptPrimitives.dll
0x00007ffb178a0000 - 0x00007ffb178af000 	C:\Program Files\Java\jdk-22\bin\instrument.dll
0x00007ffb19720000 - 0x00007ffb1973e000 	C:\Program Files\Java\jdk-22\bin\java.dll
0x00007ffb31590000 - 0x00007ffb31cfe000 	C:\Windows\System32\SHELL32.dll
0x00007ffb30e00000 - 0x00007ffb30f2b000 	C:\Windows\System32\ole32.dll
0x00007ffb31190000 - 0x00007ffb314e3000 	C:\Windows\System32\combase.dll
0x00007ffb2e090000 - 0x00007ffb2e833000 	C:\Windows\SYSTEM32\windows.storage.dll
0x00007ffb2f930000 - 0x00007ffb2f95b000 	C:\Windows\SYSTEM32\Wldp.dll
0x00007ffb31e80000 - 0x00007ffb31f4d000 	C:\Windows\System32\OLEAUT32.dll
0x00007ffb31080000 - 0x00007ffb3112d000 	C:\Windows\System32\SHCORE.dll
0x00007ffb30b80000 - 0x00007ffb30bd5000 	C:\Windows\System32\shlwapi.dll
0x00007ffb2ff80000 - 0x00007ffb2ffa5000 	C:\Windows\SYSTEM32\profapi.dll
0x00007ffb27a70000 - 0x00007ffb27a87000 	C:\Program Files\Java\jdk-22\bin\zip.dll
0x00007ffb2bf80000 - 0x00007ffb2bf90000 	C:\Program Files\Java\jdk-22\bin\net.dll
0x00007ffb2f6b0000 - 0x00007ffb2f71c000 	C:\Windows\system32\mswsock.dll
0x00007ffb26c90000 - 0x00007ffb26ca6000 	C:\Program Files\Java\jdk-22\bin\nio.dll
0x00007ffb2f3f0000 - 0x00007ffb2f4ba000 	C:\Windows\SYSTEM32\DNSAPI.dll
0x00007ffb2f3b0000 - 0x00007ffb2f3eb000 	C:\Windows\SYSTEM32\IPHLPAPI.DLL
0x00007ffb32100000 - 0x00007ffb32108000 	C:\Windows\System32\NSI.dll
0x00007ffb28260000 - 0x00007ffb2826a000 	C:\Windows\System32\rasadhlp.dll
0x00007ffb28620000 - 0x00007ffb286a0000 	C:\Windows\System32\fwpuclnt.dll
0x00007ffb2bf40000 - 0x00007ffb2bf4a000 	C:\Program Files\Java\jdk-22\bin\management.dll
0x00007ffb28c20000 - 0x00007ffb28c29000 	C:\Program Files\Java\jdk-22\bin\extnet.dll
0x00007ffb28380000 - 0x00007ffb2838b000 	C:\Program Files\Java\jdk-22\bin\management_ext.dll
0x00007ffb314f0000 - 0x00007ffb314f8000 	C:\Windows\System32\PSAPI.DLL
0x00007ffb2fa50000 - 0x00007ffb2fa68000 	C:\Windows\SYSTEM32\CRYPTSP.dll
0x00007ffb2eff0000 - 0x00007ffb2f028000 	C:\Windows\system32\rsaenh.dll
0x00007ffb2ff40000 - 0x00007ffb2ff6e000 	C:\Windows\SYSTEM32\USERENV.dll
0x00007ffb2f840000 - 0x00007ffb2f84c000 	C:\Windows\SYSTEM32\CRYPTBASE.dll
0x00007ffb11d40000 - 0x00007ffb11d57000 	C:\Windows\system32\napinsp.dll
0x00007ffb11d20000 - 0x00007ffb11d3b000 	C:\Windows\system32\pnrpnsp.dll
0x00007ffb11d00000 - 0x00007ffb11d1d000 	C:\Windows\system32\wshbth.dll
0x00007ffb2be70000 - 0x00007ffb2be8d000 	C:\Windows\system32\NLAapi.dll
0x00007ffb11ce0000 - 0x00007ffb11cf2000 	C:\Windows\System32\winrnr.dll
0x00007ffb14930000 - 0x00007ffb14981000 	C:\Windows\SYSTEM32\pdh.dll
0x00007ffb13700000 - 0x00007ffb1370f000 	C:\Windows\System32\perfproc.dll
0x00007ffb12480000 - 0x00007ffb1248f000 	C:\Windows\System32\perfos.dll
0x00007ffb16200000 - 0x00007ffb1620e000 	C:\Program Files\Java\jdk-22\bin\sunmscapi.dll
0x00007ffb30490000 - 0x00007ffb305ed000 	C:\Windows\System32\CRYPT32.dll
0x00007ffb2fa20000 - 0x00007ffb2fa47000 	C:\Windows\SYSTEM32\ncrypt.dll
0x00007ffb2f9d0000 - 0x00007ffb2fa0b000 	C:\Windows\SYSTEM32\NTASN1.dll
0x00007ffb17730000 - 0x00007ffb17737000 	C:\Windows\system32\wshunix.dll

dbghelp: loaded successfully - version: 4.0.5 - missing functions: none
symbol engine: initialized successfully - sym options: 0x614 - pdb path: .;C:\Program Files\Java\jdk-22\bin;C:\Windows\SYSTEM32;C:\Windows\WinSxS\amd64_microsoft.windows.common-controls_6595b64144ccf1df_6.0.19041.5794_none_60bcd33171f2783c;C:\Program Files\Java\jdk-22\bin\server

VM Arguments:
jvm_args: -XX:TieredStopAtLevel=1 -Dspring.output.ansi.enabled=always -Dcom.sun.management.jmxremote -Dspring.jmx.enabled=true -Dspring.liveBeansView.mbeanDomain -Dspring.application.admin.enabled=true -Dmanagement.endpoints.jmx.exposure.include=* -javaagent:D:\IntelliJ IDEA 2025.3.4\lib\idea_rt.jar=58966 -Dfile.encoding=UTF-8 -Dsun.stdout.encoding=UTF-8 -Dsun.stderr.encoding=UTF-8 
java_command: org.datasource.SpringBootNoSQLNeo4JService
java_class_path (initial): D:\Github\IIS\DSA-NoSQL-Neo4JService\target\classes;C:\Users\Stefan\.m2\repository\org\springframework\boot\spring-boot-starter\3.3.5\spring-boot-starter-3.3.5.jar;C:\Users\Stefan\.m2\repository\org\springframework\boot\spring-boot\3.3.5\spring-boot-3.3.5.jar;C:\Users\Stefan\.m2\repository\org\springframework\spring-context\6.1.14\spring-context-6.1.14.jar;C:\Users\Stefan\.m2\repository\org\springframework\boot\spring-boot-autoconfigure\3.3.5\spring-boot-autoconfigure-3.3.5.jar;C:\Users\Stefan\.m2\repository\org\springframework\boot\spring-boot-starter-logging\3.3.5\spring-boot-starter-logging-3.3.5.jar;C:\Users\Stefan\.m2\repository\ch\qos\logback\logback-classic\1.5.11\logback-classic-1.5.11.jar;C:\Users\Stefan\.m2\repository\ch\qos\logback\logback-core\1.5.11\logback-core-1.5.11.jar;C:\Users\Stefan\.m2\repository\org\apache\logging\log4j\log4j-to-slf4j\2.23.1\log4j-to-slf4j-2.23.1.jar;C:\Users\Stefan\.m2\repository\org\apache\logging\log4j\log4j-api\2.23.1\log4j-api-2.23.1.jar;C:\Users\Stefan\.m2\repository\org\slf4j\jul-to-slf4j\2.0.16\jul-to-slf4j-2.0.16.jar;C:\Users\Stefan\.m2\repository\jakarta\annotation\jakarta.annotation-api\2.1.1\jakarta.annotation-api-2.1.1.jar;C:\Users\Stefan\.m2\repository\org\springframework\spring-core\6.1.14\spring-core-6.1.14.jar;C:\Users\Stefan\.m2\repository\org\springframework\spring-jcl\6.1.14\spring-jcl-6.1.14.jar;C:\Users\Stefan\.m2\repository\org\yaml\snakeyaml\2.2\snakeyaml-2.2.jar;C:\Users\Stefan\.m2\repository\org\slf4j\slf4j-api\2.0.16\slf4j-api-2.0.16.jar;C:\Users\Stefan\.m2\repository\org\springframework\boot\spring-boot-starter-web\3.3.5\spring-boot-starter-web-3.3.5.jar;C:\Users\Stefan\.m2\repository\org\springframework\boot\spring-boot-starter-json\3.3.5\spring-boot-starter-json-3.3.5.jar;C:\Users\Stefan\.m2\repository\com\fasterxml\jackson\datatype\jackson-datatype-jdk8\2.17.2\jackson-datatype-jdk8-2.17.2.jar;C:\Users\Stefan\.m2\repository\com\fasterxml\jackson\datatype\jackson-datatype-jsr310\2.17.2\jackson-datatype-jsr310-2.17.2.jar;C:\Users\Stefan\.m2\repository\com\fasterxml\jackson\module\jackson-module-parameter-names\2.17.2\jackson-module-parameter-names-2.17.2.jar;C:\Users\Stefan\.m2\repository\org\springframework\boot\spring-boot-starter-tomcat\3.3.5\spring-boot-starter-tomcat-3.3.5.jar;C:\Users\Stefan\.m2\repository\org\apache\tomcat\embed\tomcat-embed-core\10.1.31\tomcat-embed-core-10.1.31.jar;C:\Users\Stefan\.m2\repository\org\apache\tomcat\embed\tomcat-embed-el\10.1.31\tomcat-embed-el-10.1.31.jar;C:\Users\Stefan\.m2\repository\org\apache\tomcat\embed\tomcat-embed-websocket\10.1.31\tomcat-embed-websocket-10.1.31.jar;C:\Users\Stefan\.m2\repository\org\springframework\spring-web\6.1.14\spring-web-6.1.14.jar;C:\Users\Stefan\.m2\repository\org\springframework\spring-beans\6.1.14\spring-beans-6.1.14.jar;C:\Users\Stefan\.m2\repository\io\micrometer\micrometer-observation\1.13.6\micrometer-observation-1.13.6.jar;C:\Users\Stefan\.m2\repository\io\micrometer\micrometer-commons\1.13.6\micrometer-commons-1.13.6.jar;C:\Users\Stefan\.m2\repository\org\springframework\spring-webmvc\6.1.14\spring-webmvc-6.1.14.jar;C:\Users\Stefan\.m2\repository\org\springframework\spring-expression\6.1.14\spring-expression-6.1.14.jar;C:\Users\Stefan\.m2\repository\org\springframework\boot\spring-boot-starter-security\3.3.5\spring-boot-starter-security-3.3.5.jar;C:\Users\Stefan\.m2\repository\org\springframework\spring-aop\6.1.14\spring-aop-6.1.14.jar;C:\Users\Stefan\.m2\repository\org\springframework\security\spring-security-config\6.3.4\spring-security-config-6.3.4.jar;C:\Users\Stefan\.m2\repository\org\springframework\security\spring-security-core\6.3.4\spring-security-core-6.3.4.jar;C:\Users\Stefan\.m2\repository\org\springframework\security\spring-security-crypto\6.3.4\spring-security-crypto-6.3.4.jar;C:\Users\Stefan\.m2\repository\org\springframework\security\spring-security-web\6.3.4\spring-security-web-6.3.4.jar;C:\Users\Stefan\.m2\repository\com\fasterxml\jackson\dataformat\jackson-dataformat-xml\2.17.2\jackson-dataformat-xml-2.17.2.jar;C:\Users\Stefan\.m2\repository\com\fasterxml\jackson\core\jackson-core\2.17.2\jackson-core-2.17.2.jar;C:\Users\Stefan\.m2\repository\com\fasterxml\jackson\core\jackson-annotations\2.17.2\jackson-annotations-2.17.2.jar;C:\Users\Stefan\.m2\repository\com\fasterxml\jackson\core\jackson-databind\2.17.2\jackson-databind-2.17.2.jar;C:\Users\Stefan\.m2\repository\org\codehaus\woodstox\stax2-api\4.2.2\stax2-api-4.2.2.jar;C:\Users\Stefan\.m2\repository\com\fasterxml\woodstox\woodstox-core\6.7.0\woodstox-core-6.7.0.jar;C:\Users\Stefan\.m2\repository\org\neo4j\neo4j-ogm-core\4.0.4\neo4j-ogm-core-4.0.4.jar;C:\Users\Stefan\.m2\repository\org\neo4j\neo4j-ogm-api\4.0.4\neo4j-ogm-api-4.0.4.jar;C:\Users\Stefan\.m2\repository\io\github\classgraph\classgraph\4.8.156\classgraph-4.8.156.jar;C:\Users\Stefan\.m2\repository\org\neo4j\neo4j-ogm-bolt-driver\4.0.4\neo4j-ogm-bolt-driver-4.0.4.jar;C:\Users\Stefan\.m2\repository\org\neo4j\driver\neo4j-java-driver\5.25.0\neo4j-java-driver-5.25.0.jar;C:\Users\Stefan\.m2\repository\org\reactivestreams\reactive-streams\1.0.4\reactive-streams-1.0.4.jar;C:\Users\Stefan\.m2\repository\io\netty\netty-handler\4.1.114.Final\netty-handler-4.1.114.Final.jar;C:\Users\Stefan\.m2\repository\io\netty\netty-common\4.1.114.Final\netty-common-4.1.114.Final.jar;C:\Users\Stefan\.m2\repository\io\netty\netty-resolver\4.1.114.Final\netty-resolver-4.1.114.Final.jar;C:\Users\Stefan\.m2\repository\io\netty\netty-buffer\4.1.114.Final\netty-buffer-4.1.114.Final.jar;C:\Users\Stefan\.m2\repository\io\netty\netty-transport\4.1.114.Final\netty-transport-4.1.114.Final.jar;C:\Users\Stefan\.m2\repository\io\netty\netty-transport-native-unix-common\4.1.114.Final\netty-transport-native-unix-common-4.1.114.Final.jar;C:\Users\Stefan\.m2\repository\io\netty\netty-codec\4.1.114.Final\netty-codec-4.1.114.Final.jar;C:\Users\Stefan\.m2\repository\io\netty\netty-tcnative-classes\2.0.66.Final\netty-tcnative-classes-2.0.66.Final.jar;C:\Users\Stefan\.m2\repository\io\projectreactor\reactor-core\3.6.11\reactor-core-3.6.11.jar;C:\Users\Stefan\.m2\repository\org\projectlombok\lombok\1.18.30\lombok-1.18.30.jar
Launcher Type: SUN_STANDARD

[Global flags]
     intx CICompilerCount                          = 3                                         {product} {ergonomic}
     uint ConcGCThreads                            = 1                                         {product} {ergonomic}
     uint G1ConcRefinementThreads                  = 4                                         {product} {ergonomic}
   size_t G1HeapRegionSize                         = 2097152                                   {product} {ergonomic}
   size_t InitialHeapSize                          = 268435456                                 {product} {ergonomic}
     bool ManagementServer                         = true                                      {product} {command line}
   size_t MarkStackSize                            = 4194304                                   {product} {ergonomic}
   size_t MaxHeapSize                              = 4280287232                                {product} {ergonomic}
   size_t MaxNewSize                               = 2566914048                                {product} {ergonomic}
   size_t MinHeapDeltaBytes                        = 2097152                                   {product} {ergonomic}
   size_t MinHeapSize                              = 8388608                                   {product} {ergonomic}
    uintx NonNMethodCodeHeapSize                   = 4096                                   {pd product} {ergonomic}
    uintx NonProfiledCodeHeapSize                  = 0                                      {pd product} {ergonomic}
     bool ProfileInterpreter                       = false                                  {pd product} {command line}
    uintx ProfiledCodeHeapSize                     = 0                                      {pd product} {ergonomic}
   size_t SoftMaxHeapSize                          = 4280287232                             {manageable} {ergonomic}
     intx TieredStopAtLevel                        = 1                                         {product} {command line}
     bool UseCompressedOops                        = true                           {product lp64_product} {ergonomic}
     bool UseG1GC                                  = true                                      {product} {ergonomic}
     bool UseLargePagesIndividualAllocation        = false                                  {pd product} {ergonomic}

Logging:
Log output configuration:
 #0: stdout all=warning uptime,level,tags foldmultilines=false
 #1: stderr all=off uptime,level,tags foldmultilines=false

Environment Variables:
PATH=D:\WINDOWS.X64_193000_db_home\bin;C:\Program Files\Common Files\Oracle\Java\javapath;C:\Program Files (x86)\Common Files\Oracle\Java\java8path;C:\Program Files (x86)\Common Files\Oracle\Java\javapath;C:\FFmpeg;C:\Windows\system32;C:\Windows;C:\Windows\System32\Wbem;C:\Windows\System32\WindowsPowerShell\v1.0\;C:\Windows\System32\OpenSSH\;C:\FFmpeg;C:\Users\Stefan\AppData\Local\Microsoft\WindowsApps;C:\Program Files\PostgreSQL\16\bin;C:\Program Files\dotnet\;C:\ProgramData\chocolatey\bin;C:\Program Files\Microsoft SQL Server\Client SDK\ODBC\170\Tools\Binn\;C:\Program Files\Calibre2\;C:\Program Files\Sunshine;C:\Program Files\Sunshine\tools;C:\Program Files\Docker\Docker\resources\bin;C:\Program Files\Git\cmd;C:\hadoop\bin;C:\Users\Stefan\AppData\Local\Programs\Python\Python313\Scripts\;C:\Users\Stefan\AppData\Local\Programs\Python\Python313\;C:\Users\Stefan\AppData\Local\Programs\Python\Python310\Scripts\;C:\Users\Stefan\AppData\Local\Programs\Python\Python310\;C:\Users\Stefan\AppData\Local\Programs\Python\Python312\Scripts\;C:\Users\Stefan\AppData\Local\Programs\Python\Python312\;C:\Users\Stefan\AppData\Local\Microsoft\WindowsApps;C:\Program Files\JetBrains\IntelliJ IDEA Community Edition 2023.2.3\bin;;C:\Users\Stefan\.dotnet\tools;D:\IntelliJ IDEA 2025.3.4\bin;C:\Users\Stefan\AppData\Local\GitHubDesktop\bin;D:\Microsoft VS Code\bin;C:\Users\Stefan\tools\apache-maven\apache-maven-3.9.9\bin
USERNAME=Stefan
OS=Windows_NT
PROCESSOR_IDENTIFIER=Intel64 Family 6 Model 158 Stepping 9, GenuineIntel
TMP=C:\Users\Stefan\AppData\Local\Temp
TEMP=C:\Users\Stefan\AppData\Local\Temp




Periodic native trim disabled

---------------  S Y S T E M  ---------------

OS:
 Windows 10 , 64 bit Build 19041 (10.0.19041.5794)
OS uptime: 0 days 4:27 hours
Hyper-V role detected

CPU: total 4 (initial active 4) (4 cores per cpu, 1 threads per core) family 6 model 158 stepping 9 microcode 0xb4, cx8, cmov, fxsr, mmx, 3dnowpref, sse, sse2, sse3, ssse3, sse4.1, sse4.2, popcnt, lzcnt, tsc, tscinvbit, avx, avx2, aes, erms, clmul, bmi1, bmi2, adx, fma, vzeroupper, clflush, clflushopt, hv, rdtscp, f16c
Processor Information for all 4 processors :
  Max Mhz: 3001, Current Mhz: 3001, Mhz Limit: 3001

Memory: 4k page, system-wide physical 16321M (1007M free)
TotalPageFile size 20417M (AvailPageFile size 41M)
current process WorkingSet (physical memory assigned to process): 300M, peak: 300M
current process commit charge ("private bytes"): 428M, peak: 512M

vm_info: Java HotSpot(TM) 64-Bit Server VM (22+36-2370) for windows-amd64 JRE (22+36-2370), built on 2024-02-15T22:15:19Z by "mach5one" with MS VC++ 17.6 (VS2022)

END.
