#
# There is insufficient memory for the Java Runtime Environment to continue.
# Native memory allocation (mmap) failed to map 48234496 bytes. Error detail: G1 virtual space
# Possible reasons:
#   The system is out of physical RAM or swap space
#   This process is running with CompressedOops enabled, and the Java Heap may be blocking the growth of the native heap
# Possible solutions:
#   Reduce memory load on the system
#   Increase physical memory or swap space
#   Check if swap backing store is full
#   Decrease Java heap size (-Xmx/-Xms)
#   Decrease number of Java threads
#   Decrease Java thread stack sizes (-Xss)
#   Set larger code cache with -XX:ReservedCodeCacheSize=
#   JVM is running with Zero Based Compressed Oops mode in which the Java heap is
#     placed in the first 32GB address space. The Java Heap base address is the
#     maximum limit for the native heap growth. Please use -XX:HeapBaseMinAddress
#     to set the Java Heap base and to place the Java Heap above 32GB virtual address.
# This output file may be truncated or incomplete.
#
#  Out of Memory Error (os_windows.cpp:3631), pid=14096, tid=2068
#
# JRE version: Java(TM) SE Runtime Environment (22.0+36) (build 22+36-2370)
# Java VM: Java HotSpot(TM) 64-Bit Server VM (22+36-2370, mixed mode, emulated-client, sharing, tiered, compressed oops, compressed class ptrs, g1 gc, windows-amd64)
# No core dump will be written. Minidumps are not enabled by default on client versions of Windows
#

---------------  S U M M A R Y ------------

Command Line: -XX:TieredStopAtLevel=1 -Dspring.output.ansi.enabled=always -Dcom.sun.management.jmxremote -Dspring.jmx.enabled=true -Dspring.liveBeansView.mbeanDomain -Dspring.application.admin.enabled=true -Dmanagement.endpoints.jmx.exposure.include=* -javaagent:D:\IntelliJ IDEA 2025.3.4\lib\idea_rt.jar=58904 -Dfile.encoding=UTF-8 -Dsun.stdout.encoding=UTF-8 -Dsun.stderr.encoding=UTF-8 org.datasource.SpringBootNoSQLNeo4JService

Host: Intel(R) Core(TM) i5-7400 CPU @ 3.00GHz, 4 cores, 15G,  Windows 10 , 64 bit Build 19041 (10.0.19041.5794)
Time: Sun May 10 18:43:54 2026 GTB Daylight Time elapsed time: 17.825434 seconds (0d 0h 0m 17s)

---------------  T H R E A D  ---------------

Current thread (0x000002b4c7fe46f0):  VMThread "VM Thread"          [id=2068, stack(0x000000dea8900000,0x000000dea8a00000) (1024K)]

Stack: [0x000000dea8900000,0x000000dea8a00000]
Native frames: (J=compiled Java code, j=interpreted, Vv=VM code, C=native code)
V  [jvm.dll+0x6e2349]  (no source info available)
V  [jvm.dll+0x874ed3]  (no source info available)
V  [jvm.dll+0x8772fe]  (no source info available)
V  [jvm.dll+0x8779d3]  (no source info available)
V  [jvm.dll+0x27fcb6]  (no source info available)
V  [jvm.dll+0x6de9e5]  (no source info available)
V  [jvm.dll+0x6d34ea]  (no source info available)
V  [jvm.dll+0x35892a]  (no source info available)
V  [jvm.dll+0x360e56]  (no source info available)
V  [jvm.dll+0x3b3d7e]  (no source info available)
V  [jvm.dll+0x3b4028]  (no source info available)
V  [jvm.dll+0x32c4ec]  (no source info available)
V  [jvm.dll+0x32c577]  (no source info available)
V  [jvm.dll+0x3721ec]  (no source info available)
V  [jvm.dll+0x3708e6]  (no source info available)
V  [jvm.dll+0x32bbd7]  (no source info available)
V  [jvm.dll+0x3700a4]  (no source info available)
V  [jvm.dll+0x87d870]  (no source info available)
V  [jvm.dll+0x87ebf7]  (no source info available)
V  [jvm.dll+0x87f170]  (no source info available)
V  [jvm.dll+0x87f413]  (no source info available)
V  [jvm.dll+0x81d50b]  (no source info available)
V  [jvm.dll+0x6e09e5]  (no source info available)
C  [ucrtbase.dll+0x21bb2]  (no source info available)
C  [KERNEL32.DLL+0x17374]  (no source info available)
C  [ntdll.dll+0x4cc91]  (no source info available)

VM_Operation (0x000000deaa1fc510): G1CollectForAllocation, mode: safepoint, requested by thread 0x000002b50e608c80


---------------  P R O C E S S  ---------------

Threads class SMR info:
_java_thread_list=0x000002b4c8cfbe30, length=41, elements={
0x000002b4c8005ca0, 0x000002b4c80071d0, 0x000002b4c800aac0, 0x000002b4c802ce40,
0x000002b4c802dcb0, 0x000002b4c802e990, 0x000002b4c8031400, 0x000002b4c8226250,
0x000002b4c85af920, 0x000002b4c85b0760, 0x000002b4c8881640, 0x000002b4c88db3d0,
0x000002b4c8906e10, 0x000002b4c8906580, 0x000002b50e6099a0, 0x000002b50e60a030,
0x000002b50e60a6c0, 0x000002b50e607f60, 0x000002b50e608c80, 0x000002b50e609310,
0x000002b50e60ad50, 0x000002b50e6085f0, 0x000002b50e6078d0, 0x000002b50f9a0bc0,
0x000002b50f9a46d0, 0x000002b50f9a67a0, 0x000002b50f9a53f0, 0x000002b50f9a1f70,
0x000002b50f9a6110, 0x000002b50f9a6e30, 0x000002b50f9a5a80, 0x000002b50f9a3320,
0x000002b50f99fea0, 0x000002b50f9a39b0, 0x000002b50f9a74c0, 0x000002b50f9a2600,
0x000002b50f9a2c90, 0x000002b50f9a4040, 0x000002b50f9a1250, 0x000002b4c822d080,
0x000002b4c8c09600
}

Java Threads: ( => current thread )
  0x000002b4c8005ca0 JavaThread "Reference Handler"          daemon [_thread_blocked, id=8964, stack(0x000000dea8a00000,0x000000dea8b00000) (1024K)]
  0x000002b4c80071d0 JavaThread "Finalizer"                  daemon [_thread_blocked, id=6976, stack(0x000000dea8b00000,0x000000dea8c00000) (1024K)]
  0x000002b4c800aac0 JavaThread "Signal Dispatcher"          daemon [_thread_blocked, id=11440, stack(0x000000dea8c00000,0x000000dea8d00000) (1024K)]
  0x000002b4c802ce40 JavaThread "Attach Listener"            daemon [_thread_blocked, id=9808, stack(0x000000dea8d00000,0x000000dea8e00000) (1024K)]
  0x000002b4c802dcb0 JavaThread "Service Thread"             daemon [_thread_blocked, id=13604, stack(0x000000dea8e00000,0x000000dea8f00000) (1024K)]
  0x000002b4c802e990 JavaThread "Monitor Deflation Thread"   daemon [_thread_blocked, id=2548, stack(0x000000dea8f00000,0x000000dea9000000) (1024K)]
  0x000002b4c8031400 JavaThread "C1 CompilerThread0"         daemon [_thread_blocked, id=14568, stack(0x000000dea9000000,0x000000dea9100000) (1024K)]
  0x000002b4c8226250 JavaThread "Common-Cleaner"             daemon [_thread_blocked, id=2072, stack(0x000000dea9100000,0x000000dea9200000) (1024K)]
  0x000002b4c85af920 JavaThread "Monitor Ctrl-Break"         daemon [_thread_in_native, id=15316, stack(0x000000dea9400000,0x000000dea9500000) (1024K)]
  0x000002b4c85b0760 JavaThread "Notification Thread"        daemon [_thread_blocked, id=11632, stack(0x000000dea9500000,0x000000dea9600000) (1024K)]
  0x000002b4c8881640 JavaThread "RMI TCP Accept-0"           daemon [_thread_in_native, id=5972, stack(0x000000dea9600000,0x000000dea9700000) (1024K)]
  0x000002b4c88db3d0 JavaThread "RMI TCP Connection(1)-26.117.12.198" daemon [_thread_in_native, id=12088, stack(0x000000dea9a00000,0x000000dea9b00000) (1024K)]
  0x000002b4c8906e10 JavaThread "RMI Scheduler(0)"           daemon [_thread_blocked, id=7180, stack(0x000000dea9b00000,0x000000dea9c00000) (1024K)]
  0x000002b4c8906580 JavaThread "JMX server connection timeout 28" daemon [_thread_blocked, id=15152, stack(0x000000dea9c00000,0x000000dea9d00000) (1024K)]
  0x000002b50e6099a0 JavaThread "RMI TCP Connection(2)-26.117.12.198" daemon [_thread_in_native, id=3976, stack(0x000000dea9d00000,0x000000dea9e00000) (1024K)]
  0x000002b50e60a030 JavaThread "Catalina-utility-1"                [_thread_blocked, id=2620, stack(0x000000dea9e00000,0x000000dea9f00000) (1024K)]
  0x000002b50e60a6c0 JavaThread "Catalina-utility-2"                [_thread_blocked, id=12876, stack(0x000000dea9f00000,0x000000deaa000000) (1024K)]
  0x000002b50e607f60 JavaThread "container-0"                       [_thread_blocked, id=11488, stack(0x000000deaa000000,0x000000deaa100000) (1024K)]
  0x000002b50e608c80 JavaThread "http-nio-8094-exec-1"       daemon [_thread_blocked, id=2064, stack(0x000000deaa100000,0x000000deaa200000) (1024K)]
  0x000002b50e609310 JavaThread "http-nio-8094-exec-2"       daemon [_thread_blocked, id=3004, stack(0x000000deaa200000,0x000000deaa300000) (1024K)]
  0x000002b50e60ad50 JavaThread "http-nio-8094-exec-3"       daemon [_thread_blocked, id=8428, stack(0x000000deaa300000,0x000000deaa400000) (1024K)]
  0x000002b50e6085f0 JavaThread "http-nio-8094-exec-4"       daemon [_thread_blocked, id=14636, stack(0x000000deaa400000,0x000000deaa500000) (1024K)]
  0x000002b50e6078d0 JavaThread "http-nio-8094-exec-5"       daemon [_thread_blocked, id=14964, stack(0x000000deaa500000,0x000000deaa600000) (1024K)]
  0x000002b50f9a0bc0 JavaThread "http-nio-8094-exec-6"       daemon [_thread_blocked, id=14868, stack(0x000000deaa600000,0x000000deaa700000) (1024K)]
  0x000002b50f9a46d0 JavaThread "http-nio-8094-exec-7"       daemon [_thread_blocked, id=11508, stack(0x000000deaa700000,0x000000deaa800000) (1024K)]
  0x000002b50f9a67a0 JavaThread "http-nio-8094-exec-8"       daemon [_thread_blocked, id=4548, stack(0x000000deaa800000,0x000000deaa900000) (1024K)]
  0x000002b50f9a53f0 JavaThread "http-nio-8094-exec-9"       daemon [_thread_blocked, id=15284, stack(0x000000deaa900000,0x000000deaaa00000) (1024K)]
  0x000002b50f9a1f70 JavaThread "http-nio-8094-exec-10"      daemon [_thread_blocked, id=3168, stack(0x000000deaaa00000,0x000000deaab00000) (1024K)]
  0x000002b50f9a6110 JavaThread "http-nio-8094-Poller"       daemon [_thread_blocked, id=6496, stack(0x000000deaab00000,0x000000deaac00000) (1024K)]
  0x000002b50f9a6e30 JavaThread "http-nio-8094-Acceptor"     daemon [_thread_in_native, id=4720, stack(0x000000deaac00000,0x000000deaad00000) (1024K)]
  0x000002b50f9a5a80 JavaThread "DestroyJavaVM"                     [_thread_blocked, id=8308, stack(0x000000dea8200000,0x000000dea8300000) (1024K)]
  0x000002b50f9a3320 JavaThread "Neo4jDriverIO-3-1"          daemon [_thread_in_native, id=7700, stack(0x000000dea9300000,0x000000dea9400000) (1024K)]
  0x000002b50f99fea0 JavaThread "Neo4jDriverIO-3-2"          daemon [_thread_in_native, id=9376, stack(0x000000deaad00000,0x000000deaae00000) (1024K)]
  0x000002b50f9a39b0 JavaThread "Neo4jDriverIO-3-3"          daemon [_thread_in_native, id=15044, stack(0x000000deaaf00000,0x000000deab000000) (1024K)]
  0x000002b50f9a74c0 JavaThread "Neo4jDriverIO-3-4"          daemon [_thread_in_native, id=5660, stack(0x000000deab000000,0x000000deab100000) (1024K)]
  0x000002b50f9a2600 JavaThread "Neo4jDriverIO-3-5"          daemon [_thread_in_native, id=15280, stack(0x000000deab100000,0x000000deab200000) (1024K)]
  0x000002b50f9a2c90 JavaThread "Neo4jDriverIO-3-6"          daemon [_thread_in_native, id=5764, stack(0x000000deab200000,0x000000deab300000) (1024K)]
  0x000002b50f9a4040 JavaThread "Neo4jDriverIO-3-7"          daemon [_thread_in_native, id=11528, stack(0x000000deab300000,0x000000deab400000) (1024K)]
  0x000002b50f9a1250 JavaThread "Neo4jDriverIO-3-8"          daemon [_thread_in_native, id=3536, stack(0x000000deab400000,0x000000deab500000) (1024K)]
  0x000002b4c822d080 JavaThread "C1 CompilerThread1"         daemon [_thread_blocked, id=2424, stack(0x000000dea9200000,0x000000dea9300000) (1024K)]
  0x000002b4c8c09600 JavaThread "C1 CompilerThread2"         daemon [_thread_blocked, id=13076, stack(0x000000deab500000,0x000000deab600000) (1024K)]
Total: 41

Other Threads:
=>0x000002b4c7fe46f0 VMThread "VM Thread"                           [id=2068, stack(0x000000dea8900000,0x000000dea8a00000) (1024K)]
  0x000002b4c7fcc9b0 WatcherThread "VM Periodic Task Thread"        [id=14680, stack(0x000000dea8800000,0x000000dea8900000) (1024K)]
  0x000002b4b5a92cb0 WorkerThread "GC Thread#0"                     [id=8128, stack(0x000000dea8300000,0x000000dea8400000) (1024K)]
  0x000002b4c7fe4aa0 WorkerThread "GC Thread#1"                     [id=264, stack(0x000000dea9700000,0x000000dea9800000) (1024K)]
  0x000002b4c7fe3480 WorkerThread "GC Thread#2"                     [id=14516, stack(0x000000dea9800000,0x000000dea9900000) (1024K)]
  0x000002b4c7fe3f90 WorkerThread "GC Thread#3"                     [id=3532, stack(0x000000dea9900000,0x000000dea9a00000) (1024K)]
  0x000002b4b5aa4ad0 ConcurrentGCThread "G1 Main Marker"            [id=14228, stack(0x000000dea8400000,0x000000dea8500000) (1024K)]
  0x000002b4b5aa66b0 WorkerThread "G1 Conc#0"                       [id=9632, stack(0x000000dea8500000,0x000000dea8600000) (1024K)]
  0x000002b4c7e91150 ConcurrentGCThread "G1 Refine#0"               [id=8188, stack(0x000000dea8600000,0x000000dea8700000) (1024K)]
  0x000002b4c7e91be0 ConcurrentGCThread "G1 Service"                [id=13824, stack(0x000000dea8700000,0x000000dea8800000) (1024K)]
Total: 10

Threads with active compile tasks:
Total: 0

VM state: at safepoint (normal execution)

VM Mutex/Monitor currently owned by a thread:  ([mutex/lock_event])
[0x00007ffaebc0cbc8] Threads_lock - owner thread: 0x000002b4c7fe46f0
[0x00007ffaebc0ccc8] Heap_lock - owner thread: 0x000002b50e608c80

Heap address: 0x0000000700e00000, size: 4082 MB, Compressed Oops mode: Zero based, Oop shift amount: 3

CDS archive(s) mapped at: [0x000002b4c9000000-0x000002b4c9c60000-0x000002b4c9c60000), size 12976128, SharedBaseAddress: 0x000002b4c9000000, ArchiveRelocationMode: 1.
Compressed class space mapped at: 0x000002b4ca000000-0x000002b50a000000, reserved size: 1073741824
Narrow klass base: 0x000002b4c9000000, Narrow klass shift: 0, Narrow klass range: 0x41000000

GC Precious Log:
 CardTable entry size: 512
 Card Set container configuration: InlinePtr #cards 4 size 8 Array Of Cards #cards 16 size 48 Howl #buckets 8 coarsen threshold 3686 Howl Bitmap #cards 512 size 80 coarsen threshold 460 Card regions per heap region 1 cards per card region 4096
 CPUs: 4 total, 4 available
 Memory: 16321M
 Large Page Support: Disabled
 NUMA Support: Disabled
 Compressed Oops: Enabled (Zero based)
 Heap Region Size: 2M
 Heap Min Capacity: 8M
 Heap Initial Capacity: 256M
 Heap Max Capacity: 4082M
 Pre-touch: Disabled
 Parallel Workers: 4
 Concurrent Workers: 1
 Concurrent Refinement Workers: 4
 Periodic GC: Disabled

Heap:
 garbage-first heap   total reserved 4179968K, committed 268288K, used 122880K [0x0000000700e00000, 0x0000000800000000)
  region size 2048K, 2 young (4096K), 2 survivors (4096K)
 Metaspace       used 40097K, committed 40832K, reserved 1114112K
  class space    used 5704K, committed 6016K, reserved 1048576K

Heap Regions: E=young(eden), S=young(survivor), O=old, HS=humongous(starts), HC=humongous(continues), CS=collection set, F=free, TAMS=top-at-mark-start, PB=parsable bottom
|   0|0x0000000700e00000, 0x0000000701000000, 0x0000000701000000|100%| O|  |TAMS 0x0000000701000000| PB 0x0000000700e00000| Untracked |  0
|   1|0x0000000701000000, 0x0000000701200000, 0x0000000701200000|100%| O|  |TAMS 0x0000000701200000| PB 0x0000000701000000| Untracked |  0
|   2|0x0000000701200000, 0x0000000701400000, 0x0000000701400000|100%| O|  |TAMS 0x0000000701400000| PB 0x0000000701200000| Untracked |  0
|   3|0x0000000701400000, 0x0000000701600000, 0x0000000701600000|100%| O|  |TAMS 0x0000000701600000| PB 0x0000000701400000| Untracked |  0
|   4|0x0000000701600000, 0x0000000701800000, 0x0000000701800000|100%| O|  |TAMS 0x0000000701800000| PB 0x0000000701600000| Untracked |  0
|   5|0x0000000701800000, 0x0000000701a00000, 0x0000000701a00000|100%| O|  |TAMS 0x0000000701a00000| PB 0x0000000701800000| Untracked |  0
|   6|0x0000000701a00000, 0x0000000701c00000, 0x0000000701c00000|100%| O|  |TAMS 0x0000000701c00000| PB 0x0000000701a00000| Untracked |  0
|   7|0x0000000701c00000, 0x0000000701e00000, 0x0000000701e00000|100%| O|  |TAMS 0x0000000701e00000| PB 0x0000000701c00000| Untracked |  0
|   8|0x0000000701e00000, 0x0000000702000000, 0x0000000702000000|100%| O|  |TAMS 0x0000000702000000| PB 0x0000000701e00000| Untracked |  0
|   9|0x0000000702000000, 0x0000000702200000, 0x0000000702200000|100%| O|  |TAMS 0x0000000702200000| PB 0x0000000702000000| Untracked |  0
|  10|0x0000000702200000, 0x0000000702400000, 0x0000000702400000|100%| O|  |TAMS 0x0000000702400000| PB 0x0000000702200000| Untracked |  0
|  11|0x0000000702400000, 0x0000000702600000, 0x0000000702600000|100%| O|  |TAMS 0x0000000702600000| PB 0x0000000702400000| Untracked |  0
|  12|0x0000000702600000, 0x0000000702800000, 0x0000000702800000|100%| O|  |TAMS 0x0000000702800000| PB 0x0000000702600000| Untracked |  0
|  13|0x0000000702800000, 0x0000000702a00000, 0x0000000702a00000|100%| O|  |TAMS 0x0000000702a00000| PB 0x0000000702800000| Untracked |  0
|  14|0x0000000702a00000, 0x0000000702c00000, 0x0000000702c00000|100%| O|  |TAMS 0x0000000702c00000| PB 0x0000000702a00000| Untracked |  0
|  15|0x0000000702c00000, 0x0000000702e00000, 0x0000000702e00000|100%| O|  |TAMS 0x0000000702e00000| PB 0x0000000702c00000| Untracked |  0
|  16|0x0000000702e00000, 0x0000000703000000, 0x0000000703000000|100%| O|  |TAMS 0x0000000703000000| PB 0x0000000702e00000| Untracked |  0
|  17|0x0000000703000000, 0x0000000703200000, 0x0000000703200000|100%| O|  |TAMS 0x0000000703200000| PB 0x0000000703000000| Untracked |  0
|  18|0x0000000703200000, 0x0000000703400000, 0x0000000703400000|100%| O|  |TAMS 0x0000000703400000| PB 0x0000000703200000| Untracked |  0
|  19|0x0000000703400000, 0x0000000703600000, 0x0000000703600000|100%| O|  |TAMS 0x0000000703600000| PB 0x0000000703400000| Untracked |  0
|  20|0x0000000703600000, 0x0000000703800000, 0x0000000703800000|100%| O|  |TAMS 0x0000000703800000| PB 0x0000000703600000| Untracked |  0
|  21|0x0000000703800000, 0x0000000703a00000, 0x0000000703a00000|100%| O|  |TAMS 0x0000000703a00000| PB 0x0000000703800000| Untracked |  0
|  22|0x0000000703a00000, 0x0000000703c00000, 0x0000000703c00000|100%| O|  |TAMS 0x0000000703c00000| PB 0x0000000703a00000| Untracked |  0
|  23|0x0000000703c00000, 0x0000000703e00000, 0x0000000703e00000|100%| O|  |TAMS 0x0000000703e00000| PB 0x0000000703c00000| Untracked |  0
|  24|0x0000000703e00000, 0x0000000704000000, 0x0000000704000000|100%| O|  |TAMS 0x0000000704000000| PB 0x0000000703e00000| Untracked |  0
|  25|0x0000000704000000, 0x0000000704200000, 0x0000000704200000|100%| O|  |TAMS 0x0000000704200000| PB 0x0000000704000000| Untracked |  0
|  26|0x0000000704200000, 0x0000000704400000, 0x0000000704400000|100%| O|  |TAMS 0x0000000704400000| PB 0x0000000704200000| Untracked |  0
|  27|0x0000000704400000, 0x0000000704600000, 0x0000000704600000|100%| O|  |TAMS 0x0000000704400000| PB 0x0000000704400000| Untracked |  0
|  28|0x0000000704600000, 0x0000000704800000, 0x0000000704800000|100%| O|  |TAMS 0x0000000704800000| PB 0x0000000704600000| Untracked |  0
|  29|0x0000000704800000, 0x0000000704a00000, 0x0000000704a00000|100%| O|  |TAMS 0x0000000704a00000| PB 0x0000000704800000| Untracked |  0
|  30|0x0000000704a00000, 0x0000000704c00000, 0x0000000704c00000|100%| O|  |TAMS 0x0000000704c00000| PB 0x0000000704a00000| Untracked |  0
|  31|0x0000000704c00000, 0x0000000704e00000, 0x0000000704e00000|100%| O|  |TAMS 0x0000000704e00000| PB 0x0000000704c00000| Untracked |  0
|  32|0x0000000704e00000, 0x0000000705000000, 0x0000000705000000|100%| O|  |TAMS 0x0000000705000000| PB 0x0000000704e00000| Untracked |  0
|  33|0x0000000705000000, 0x0000000705200000, 0x0000000705200000|100%| O|  |TAMS 0x0000000705200000| PB 0x0000000705000000| Untracked |  0
|  34|0x0000000705200000, 0x0000000705400000, 0x0000000705400000|100%| O|  |TAMS 0x0000000705400000| PB 0x0000000705200000| Untracked |  0
|  35|0x0000000705400000, 0x0000000705600000, 0x0000000705600000|100%| O|  |TAMS 0x0000000705600000| PB 0x0000000705400000| Untracked |  0
|  36|0x0000000705600000, 0x0000000705800000, 0x0000000705800000|100%| O|  |TAMS 0x0000000705800000| PB 0x0000000705600000| Untracked |  0
|  37|0x0000000705800000, 0x0000000705a00000, 0x0000000705a00000|100%| O|  |TAMS 0x0000000705a00000| PB 0x0000000705800000| Untracked |  0
|  38|0x0000000705a00000, 0x0000000705c00000, 0x0000000705c00000|100%| O|  |TAMS 0x0000000705c00000| PB 0x0000000705a00000| Untracked |  0
|  39|0x0000000705c00000, 0x0000000705e00000, 0x0000000705e00000|100%| O|  |TAMS 0x0000000705e00000| PB 0x0000000705c00000| Untracked |  0
|  40|0x0000000705e00000, 0x0000000706000000, 0x0000000706000000|100%| O|  |TAMS 0x0000000706000000| PB 0x0000000705e00000| Untracked |  0
|  41|0x0000000706000000, 0x0000000706200000, 0x0000000706200000|100%| O|  |TAMS 0x0000000706200000| PB 0x0000000706000000| Untracked |  0
|  42|0x0000000706200000, 0x0000000706400000, 0x0000000706400000|100%| O|  |TAMS 0x0000000706400000| PB 0x0000000706200000| Untracked |  0
|  43|0x0000000706400000, 0x0000000706600000, 0x0000000706600000|100%| O|  |TAMS 0x0000000706600000| PB 0x0000000706400000| Untracked |  0
|  44|0x0000000706600000, 0x0000000706800000, 0x0000000706800000|100%| O|  |TAMS 0x0000000706800000| PB 0x0000000706600000| Untracked |  0
|  45|0x0000000706800000, 0x0000000706a00000, 0x0000000706a00000|100%| O|  |TAMS 0x0000000706800000| PB 0x0000000706800000| Untracked |  0
|  46|0x0000000706a00000, 0x0000000706c00000, 0x0000000706c00000|100%| O|  |TAMS 0x0000000706a00000| PB 0x0000000706a00000| Untracked |  0
|  47|0x0000000706c00000, 0x0000000706e00000, 0x0000000706e00000|100%| O|  |TAMS 0x0000000706c00000| PB 0x0000000706c00000| Untracked |  0
|  48|0x0000000706e00000, 0x0000000707000000, 0x0000000707000000|100%| O|  |TAMS 0x0000000706e00000| PB 0x0000000706e00000| Untracked |  0
|  49|0x0000000707000000, 0x0000000707200000, 0x0000000707200000|100%| O|  |TAMS 0x0000000707000000| PB 0x0000000707000000| Untracked |  0
|  50|0x0000000707200000, 0x0000000707400000, 0x0000000707400000|100%| O|  |TAMS 0x0000000707200000| PB 0x0000000707200000| Untracked |  0
|  51|0x0000000707400000, 0x0000000707600000, 0x0000000707600000|100%| O|  |TAMS 0x0000000707400000| PB 0x0000000707400000| Untracked |  0
|  52|0x0000000707600000, 0x0000000707800000, 0x0000000707800000|100%| O|  |TAMS 0x0000000707600000| PB 0x0000000707600000| Untracked |  0
|  53|0x0000000707800000, 0x0000000707a00000, 0x0000000707a00000|100%| O|  |TAMS 0x0000000707800000| PB 0x0000000707800000| Untracked |  0
|  54|0x0000000707a00000, 0x0000000707c00000, 0x0000000707c00000|100%| O|  |TAMS 0x0000000707a00000| PB 0x0000000707a00000| Untracked |  0
|  55|0x0000000707c00000, 0x0000000707e00000, 0x0000000707e00000|100%| O|  |TAMS 0x0000000707c00000| PB 0x0000000707c00000| Untracked |  0
|  56|0x0000000707e00000, 0x0000000707e00000, 0x0000000708000000|  0%| F|  |TAMS 0x0000000707e00000| PB 0x0000000707e00000| Untracked |  0
|  57|0x0000000708000000, 0x0000000708000000, 0x0000000708200000|  0%| F|  |TAMS 0x0000000708000000| PB 0x0000000708000000| Untracked |  0
|  58|0x0000000708200000, 0x0000000708200000, 0x0000000708400000|  0%| F|  |TAMS 0x0000000708200000| PB 0x0000000708200000| Untracked |  0
|  59|0x0000000708400000, 0x0000000708400000, 0x0000000708600000|  0%| F|  |TAMS 0x0000000708400000| PB 0x0000000708400000| Untracked |  0
|  60|0x0000000708600000, 0x0000000708600000, 0x0000000708800000|  0%| F|  |TAMS 0x0000000708600000| PB 0x0000000708600000| Untracked |  0
|  61|0x0000000708800000, 0x0000000708800000, 0x0000000708a00000|  0%| F|  |TAMS 0x0000000708800000| PB 0x0000000708800000| Untracked |  0
|  62|0x0000000708a00000, 0x0000000708a00000, 0x0000000708c00000|  0%| F|  |TAMS 0x0000000708a00000| PB 0x0000000708a00000| Untracked |  0
|  63|0x0000000708c00000, 0x0000000708e00000, 0x0000000708e00000|100%| S|CS|TAMS 0x0000000708c00000| PB 0x0000000708c00000| Complete |  0
|  64|0x0000000708e00000, 0x0000000709000000, 0x0000000709000000|100%| S|CS|TAMS 0x0000000708e00000| PB 0x0000000708e00000| Complete |  0
|  65|0x0000000709000000, 0x0000000709000000, 0x0000000709200000|  0%| F|  |TAMS 0x0000000709000000| PB 0x0000000709000000| Untracked |  0
|  66|0x0000000709200000, 0x0000000709200000, 0x0000000709400000|  0%| F|  |TAMS 0x0000000709200000| PB 0x0000000709200000| Untracked |  0
|  67|0x0000000709400000, 0x0000000709400000, 0x0000000709600000|  0%| F|  |TAMS 0x0000000709400000| PB 0x0000000709400000| Untracked |  0
|  68|0x0000000709600000, 0x0000000709600000, 0x0000000709800000|  0%| F|  |TAMS 0x0000000709600000| PB 0x0000000709600000| Untracked |  0
|  69|0x0000000709800000, 0x0000000709800000, 0x0000000709a00000|  0%| F|  |TAMS 0x0000000709800000| PB 0x0000000709800000| Untracked |  0
|  70|0x0000000709a00000, 0x0000000709a00000, 0x0000000709c00000|  0%| F|  |TAMS 0x0000000709a00000| PB 0x0000000709a00000| Untracked |  0
|  71|0x0000000709c00000, 0x0000000709c00000, 0x0000000709e00000|  0%| F|  |TAMS 0x0000000709c00000| PB 0x0000000709c00000| Untracked |  0
|  72|0x0000000709e00000, 0x0000000709e00000, 0x000000070a000000|  0%| F|  |TAMS 0x0000000709e00000| PB 0x0000000709e00000| Untracked |  0
|  73|0x000000070a000000, 0x000000070a000000, 0x000000070a200000|  0%| F|  |TAMS 0x000000070a000000| PB 0x000000070a000000| Untracked |  0
|  74|0x000000070a200000, 0x000000070a200000, 0x000000070a400000|  0%| F|  |TAMS 0x000000070a200000| PB 0x000000070a200000| Untracked |  0
|  75|0x000000070a400000, 0x000000070a400000, 0x000000070a600000|  0%| F|  |TAMS 0x000000070a400000| PB 0x000000070a400000| Untracked |  0
|  76|0x000000070a600000, 0x000000070a600000, 0x000000070a800000|  0%| F|  |TAMS 0x000000070a600000| PB 0x000000070a600000| Untracked |  0
|  77|0x000000070a800000, 0x000000070a800000, 0x000000070aa00000|  0%| F|  |TAMS 0x000000070a800000| PB 0x000000070a800000| Untracked |  0
|  78|0x000000070aa00000, 0x000000070aa00000, 0x000000070ac00000|  0%| F|  |TAMS 0x000000070aa00000| PB 0x000000070aa00000| Untracked |  0
|  79|0x000000070ac00000, 0x000000070ac00000, 0x000000070ae00000|  0%| F|  |TAMS 0x000000070ac00000| PB 0x000000070ac00000| Untracked |  0
|  80|0x000000070ae00000, 0x000000070ae00000, 0x000000070b000000|  0%| F|  |TAMS 0x000000070ae00000| PB 0x000000070ae00000| Untracked |  0
|  81|0x000000070b000000, 0x000000070b000000, 0x000000070b200000|  0%| F|  |TAMS 0x000000070b000000| PB 0x000000070b000000| Untracked |  0
|  82|0x000000070b200000, 0x000000070b200000, 0x000000070b400000|  0%| F|  |TAMS 0x000000070b200000| PB 0x000000070b200000| Untracked |  0
|  83|0x000000070b400000, 0x000000070b400000, 0x000000070b600000|  0%| F|  |TAMS 0x000000070b400000| PB 0x000000070b400000| Untracked |  0
|  84|0x000000070b600000, 0x000000070b600000, 0x000000070b800000|  0%| F|  |TAMS 0x000000070b600000| PB 0x000000070b600000| Untracked |  0
|  85|0x000000070b800000, 0x000000070b800000, 0x000000070ba00000|  0%| F|  |TAMS 0x000000070b800000| PB 0x000000070b800000| Untracked |  0
|  86|0x000000070ba00000, 0x000000070ba00000, 0x000000070bc00000|  0%| F|  |TAMS 0x000000070ba00000| PB 0x000000070ba00000| Untracked |  0
|  87|0x000000070bc00000, 0x000000070bc00000, 0x000000070be00000|  0%| F|  |TAMS 0x000000070bc00000| PB 0x000000070bc00000| Untracked |  0
|  88|0x000000070be00000, 0x000000070be00000, 0x000000070c000000|  0%| F|  |TAMS 0x000000070be00000| PB 0x000000070be00000| Untracked |  0
|  89|0x000000070c000000, 0x000000070c000000, 0x000000070c200000|  0%| F|  |TAMS 0x000000070c000000| PB 0x000000070c000000| Untracked |  0
|  90|0x000000070c200000, 0x000000070c200000, 0x000000070c400000|  0%| F|  |TAMS 0x000000070c200000| PB 0x000000070c200000| Untracked |  0
|  91|0x000000070c400000, 0x000000070c400000, 0x000000070c600000|  0%| F|  |TAMS 0x000000070c400000| PB 0x000000070c400000| Untracked |  0
|  92|0x000000070c600000, 0x000000070c600000, 0x000000070c800000|  0%| F|  |TAMS 0x000000070c600000| PB 0x000000070c600000| Untracked |  0
|  93|0x000000070c800000, 0x000000070c800000, 0x000000070ca00000|  0%| F|  |TAMS 0x000000070c800000| PB 0x000000070c800000| Untracked |  0
|  94|0x000000070ca00000, 0x000000070ca00000, 0x000000070cc00000|  0%| F|  |TAMS 0x000000070ca00000| PB 0x000000070ca00000| Untracked |  0
|  95|0x000000070cc00000, 0x000000070cc00000, 0x000000070ce00000|  0%| F|  |TAMS 0x000000070cc00000| PB 0x000000070cc00000| Untracked |  0
|  96|0x000000070ce00000, 0x000000070ce00000, 0x000000070d000000|  0%| F|  |TAMS 0x000000070ce00000| PB 0x000000070ce00000| Untracked |  0
|  97|0x000000070d000000, 0x000000070d000000, 0x000000070d200000|  0%| F|  |TAMS 0x000000070d000000| PB 0x000000070d000000| Untracked |  0
|  98|0x000000070d200000, 0x000000070d200000, 0x000000070d400000|  0%| F|  |TAMS 0x000000070d200000| PB 0x000000070d200000| Untracked |  0
|  99|0x000000070d400000, 0x000000070d400000, 0x000000070d600000|  0%| F|  |TAMS 0x000000070d400000| PB 0x000000070d400000| Untracked |  0
| 100|0x000000070d600000, 0x000000070d600000, 0x000000070d800000|  0%| F|  |TAMS 0x000000070d600000| PB 0x000000070d600000| Untracked |  0
| 101|0x000000070d800000, 0x000000070d800000, 0x000000070da00000|  0%| F|  |TAMS 0x000000070d800000| PB 0x000000070d800000| Untracked |  0
| 102|0x000000070da00000, 0x000000070da00000, 0x000000070dc00000|  0%| F|  |TAMS 0x000000070da00000| PB 0x000000070da00000| Untracked |  0
| 103|0x000000070dc00000, 0x000000070dc00000, 0x000000070de00000|  0%| F|  |TAMS 0x000000070dc00000| PB 0x000000070dc00000| Untracked |  0
| 104|0x000000070de00000, 0x000000070de00000, 0x000000070e000000|  0%| F|  |TAMS 0x000000070de00000| PB 0x000000070de00000| Untracked |  0
| 105|0x000000070e000000, 0x000000070e000000, 0x000000070e200000|  0%| F|  |TAMS 0x000000070e000000| PB 0x000000070e000000| Untracked |  0
| 106|0x000000070e200000, 0x000000070e200000, 0x000000070e400000|  0%| F|  |TAMS 0x000000070e200000| PB 0x000000070e200000| Untracked |  0
| 107|0x000000070e400000, 0x000000070e400000, 0x000000070e600000|  0%| F|  |TAMS 0x000000070e400000| PB 0x000000070e400000| Untracked |  0
| 108|0x000000070e600000, 0x000000070e600000, 0x000000070e800000|  0%| F|  |TAMS 0x000000070e600000| PB 0x000000070e600000| Untracked |  0
| 109|0x000000070e800000, 0x000000070e800000, 0x000000070ea00000|  0%| F|  |TAMS 0x000000070e800000| PB 0x000000070e800000| Untracked |  0
| 110|0x000000070ea00000, 0x000000070ea00000, 0x000000070ec00000|  0%| F|  |TAMS 0x000000070ea00000| PB 0x000000070ea00000| Untracked |  0
| 111|0x000000070ec00000, 0x000000070ec00000, 0x000000070ee00000|  0%| F|  |TAMS 0x000000070ec00000| PB 0x000000070ec00000| Untracked |  0
| 112|0x000000070ee00000, 0x000000070ee00000, 0x000000070f000000|  0%| F|  |TAMS 0x000000070ee00000| PB 0x000000070ee00000| Untracked |  0
| 113|0x000000070f000000, 0x000000070f000000, 0x000000070f200000|  0%| F|  |TAMS 0x000000070f000000| PB 0x000000070f000000| Untracked |  0
| 114|0x000000070f200000, 0x000000070f200000, 0x000000070f400000|  0%| F|  |TAMS 0x000000070f200000| PB 0x000000070f200000| Untracked |  0
| 115|0x000000070f400000, 0x000000070f400000, 0x000000070f600000|  0%| F|  |TAMS 0x000000070f400000| PB 0x000000070f400000| Untracked |  0
| 116|0x000000070f600000, 0x000000070f600000, 0x000000070f800000|  0%| F|  |TAMS 0x000000070f600000| PB 0x000000070f600000| Untracked |  0
| 117|0x000000070f800000, 0x000000070f800000, 0x000000070fa00000|  0%| F|  |TAMS 0x000000070f800000| PB 0x000000070f800000| Untracked |  0
| 118|0x000000070fa00000, 0x000000070fa00000, 0x000000070fc00000|  0%| F|  |TAMS 0x000000070fa00000| PB 0x000000070fa00000| Untracked |  0
| 119|0x000000070fc00000, 0x000000070fc00000, 0x000000070fe00000|  0%| F|  |TAMS 0x000000070fc00000| PB 0x000000070fc00000| Untracked |  0
| 120|0x000000070fe00000, 0x000000070fe00000, 0x0000000710000000|  0%| F|  |TAMS 0x000000070fe00000| PB 0x000000070fe00000| Untracked |  0
| 121|0x0000000710000000, 0x0000000710000000, 0x0000000710200000|  0%| F|  |TAMS 0x0000000710000000| PB 0x0000000710000000| Untracked |  0
| 122|0x0000000710200000, 0x0000000710200000, 0x0000000710400000|  0%| F|  |TAMS 0x0000000710200000| PB 0x0000000710200000| Untracked |  0
| 123|0x0000000710400000, 0x0000000710400000, 0x0000000710600000|  0%| F|  |TAMS 0x0000000710400000| PB 0x0000000710400000| Untracked |  0
| 124|0x0000000710600000, 0x0000000710600000, 0x0000000710800000|  0%| F|  |TAMS 0x0000000710600000| PB 0x0000000710600000| Untracked |  0
| 125|0x0000000710800000, 0x0000000710800000, 0x0000000710a00000|  0%| F|  |TAMS 0x0000000710800000| PB 0x0000000710800000| Untracked |  0
| 126|0x0000000710a00000, 0x0000000710a00000, 0x0000000710c00000|  0%| F|  |TAMS 0x0000000710a00000| PB 0x0000000710a00000| Untracked |  0
| 127|0x0000000710c00000, 0x0000000710c00000, 0x0000000710e00000|  0%| F|  |TAMS 0x0000000710c00000| PB 0x0000000710c00000| Untracked |  0
|2038|0x00000007ffa00000, 0x00000007ffa00000, 0x00000007ffc00000|  0%| F|  |TAMS 0x00000007ffa00000| PB 0x00000007ffa00000| Untracked |  0
|2039|0x00000007ffc00000, 0x00000007ffe00000, 0x00000007ffe00000|100%| O|  |TAMS 0x00000007ffe00000| PB 0x00000007ffc00000| Untracked |  0
|2040|0x00000007ffe00000, 0x0000000800000000, 0x0000000800000000|100%| O|  |TAMS 0x0000000800000000| PB 0x00000007ffe00000| Untracked |  0

Card table byte_map: [0x000002b4c1570000,0x000002b4c1d70000] _byte_map_base: 0x000002b4bdd69000

Marking Bits: (CMBitMap*) 0x000002b4b5a932d0
 Bits: [0x000002b4c1d70000, 0x000002b4c5d38000)

Polling page: 0x000002b4b3980000

Metaspace:

Usage:
  Non-class:     33.59 MB used.
      Class:      5.57 MB used.
       Both:     39.16 MB used.

Virtual space:
  Non-class space:       64.00 MB reserved,      34.00 MB ( 53%) committed,  1 nodes.
      Class space:        1.00 GB reserved,       5.88 MB ( <1%) committed,  1 nodes.
             Both:        1.06 GB reserved,      39.88 MB (  4%) committed. 

Chunk freelists:
   Non-Class:  14.00 MB
       Class:  10.02 MB
        Both:  24.02 MB

MaxMetaspaceSize: unlimited
CompressedClassSpaceSize: 1.00 GB
Initial GC threshold: 21.00 MB
Current GC threshold: 66.38 MB
CDS: on
 - commit_granule_bytes: 65536.
 - commit_granule_words: 8192.
 - virtual_space_node_default_size: 8388608.
 - enlarge_chunks_in_place: 1.
 - use_allocation_guard: 0.


Internal statistics:

num_allocs_failed_limit: 6.
num_arena_births: 996.
num_arena_deaths: 64.
num_vsnodes_births: 2.
num_vsnodes_deaths: 0.
num_space_committed: 638.
num_space_uncommitted: 0.
num_chunks_returned_to_freelist: 89.
num_chunks_taken_from_freelist: 2481.
num_chunk_merges: 24.
num_chunk_splits: 1683.
num_chunks_enlarged: 1172.
num_inconsistent_stats: 0.

CodeCache: size=49152Kb used=10208Kb max_used=10208Kb free=38943Kb
 bounds [0x000002b4bdd70000, 0x000002b4be770000, 0x000002b4c0d70000]
 total_blobs=5672 nmethods=5022 adapters=572
 compilation: enabled
              stopped_count=0, restarted_count=0
 full_count=0

Compilation events (20 events):
Event: 17.588 Thread 0x000002b4c822d080 5091       1       org.neo4j.ogm.response.model.DefaultGraphModel::getNodes (10 bytes)
Event: 17.588 Thread 0x000002b4c822d080 nmethod 5091 0x000002b4be438590 code [0x000002b4be438720, 0x000002b4be438818]
Event: 17.588 Thread 0x000002b4c822d080 5092       1       org.neo4j.ogm.context.GraphEntityMapper::mapRelationships (184 bytes)
Event: 17.589 Thread 0x000002b4c8c09600 nmethod 5090 0x000002b4be762390 code [0x000002b4be762740, 0x000002b4be763200]
Event: 17.589 Thread 0x000002b4c8031400 nmethod 5088 0x000002b4be763910 code [0x000002b4be763c20, 0x000002b4be764758]
Event: 17.589 Thread 0x000002b4c8c09600 5093       1       org.neo4j.ogm.response.model.DefaultGraphModel::getRelationships (10 bytes)
Event: 17.589 Thread 0x000002b4c8c09600 nmethod 5093 0x000002b4be438290 code [0x000002b4be438420, 0x000002b4be438518]
Event: 17.589 Thread 0x000002b4c8c09600 5094       1       org.neo4j.ogm.response.model.DefaultRestModel::basedOn (31 bytes)
Event: 17.589 Thread 0x000002b4c8031400 5095       1       org.neo4j.ogm.response.model.DefaultRestModel::<init> (10 bytes)
Event: 17.589 Thread 0x000002b4c8031400 nmethod 5095 0x000002b4be437f90 code [0x000002b4be438120, 0x000002b4be438238]
Event: 17.589 Thread 0x000002b4c8c09600 nmethod 5094 0x000002b4be437a90 code [0x000002b4be437c40, 0x000002b4be437ee0]
Event: 17.589 Thread 0x000002b4c822d080 nmethod 5092 0x000002b4be765190 code [0x000002b4be765440, 0x000002b4be765d48]
Event: 17.614 Thread 0x000002b4c8031400 5096       1       java.io.ObjectStreamClass$FieldReflector::getPrimFieldValues (317 bytes)
Event: 17.615 Thread 0x000002b4c8c09600 5097       1       jdk.internal.logger.AbstractLoggerWrapper::isLoggable (11 bytes)
Event: 17.615 Thread 0x000002b4c822d080 5098       1       jdk.internal.logger.LazyLoggers$LazyLoggerWrapper::wrapped (10 bytes)
Event: 17.615 Thread 0x000002b4c8c09600 nmethod 5097 0x000002b4be766290 code [0x000002b4be766440, 0x000002b4be766568]
Event: 17.615 Thread 0x000002b4c822d080 nmethod 5098 0x000002b4be766610 code [0x000002b4be7667c0, 0x000002b4be7668f0]
Event: 17.615 Thread 0x000002b4c8c09600 5099   !   1       jdk.internal.logger.LazyLoggers$LazyLoggerAccessor::wrapped (41 bytes)
Event: 17.615 Thread 0x000002b4c8c09600 nmethod 5099 0x000002b4be766a10 code [0x000002b4be766bc0, 0x000002b4be766e58]
Event: 17.615 Thread 0x000002b4c8031400 nmethod 5096 0x000002b4be766f10 code [0x000002b4be767140, 0x000002b4be767950]

GC Heap History (20 events):
Event: 16.085 GC heap after
{Heap after GC invocations=11 (full 0):
 garbage-first heap   total reserved 4179968K, committed 69632K, used 28407K [0x0000000700e00000, 0x0000000800000000)
  region size 2048K, 3 young (6144K), 3 survivors (6144K)
 Metaspace       used 40038K, committed 40768K, reserved 1114112K
  class space    used 5694K, committed 6016K, reserved 1048576K
}
Event: 16.538 GC heap before
{Heap before GC invocations=11 (full 0):
 garbage-first heap   total reserved 4179968K, committed 69632K, used 55031K [0x0000000700e00000, 0x0000000800000000)
  region size 2048K, 16 young (32768K), 3 survivors (6144K)
 Metaspace       used 40038K, committed 40768K, reserved 1114112K
  class space    used 5694K, committed 6016K, reserved 1048576K
}
Event: 16.555 GC heap after
{Heap after GC invocations=12 (full 0):
 garbage-first heap   total reserved 4179968K, committed 75776K, used 40960K [0x0000000700e00000, 0x0000000800000000)
  region size 2048K, 2 young (4096K), 2 survivors (4096K)
 Metaspace       used 40038K, committed 40768K, reserved 1114112K
  class space    used 5694K, committed 6016K, reserved 1048576K
}
Event: 16.836 GC heap before
{Heap before GC invocations=12 (full 0):
 garbage-first heap   total reserved 4179968K, committed 75776K, used 59392K [0x0000000700e00000, 0x0000000800000000)
  region size 2048K, 11 young (22528K), 2 survivors (4096K)
 Metaspace       used 40038K, committed 40768K, reserved 1114112K
  class space    used 5694K, committed 6016K, reserved 1048576K
}
Event: 16.846 GC heap after
{Heap after GC invocations=13 (full 0):
 garbage-first heap   total reserved 4179968K, committed 75776K, used 50391K [0x0000000700e00000, 0x0000000800000000)
  region size 2048K, 2 young (4096K), 2 survivors (4096K)
 Metaspace       used 40038K, committed 40768K, reserved 1114112K
  class space    used 5694K, committed 6016K, reserved 1048576K
}
Event: 16.992 GC heap before
{Heap before GC invocations=14 (full 0):
 garbage-first heap   total reserved 4179968K, committed 86016K, used 62679K [0x0000000700e00000, 0x0000000800000000)
  region size 2048K, 8 young (16384K), 2 survivors (4096K)
 Metaspace       used 40038K, committed 40768K, reserved 1114112K
  class space    used 5694K, committed 6016K, reserved 1048576K
}
Event: 17.002 GC heap after
{Heap after GC invocations=15 (full 0):
 garbage-first heap   total reserved 4179968K, committed 86016K, used 57344K [0x0000000700e00000, 0x0000000800000000)
  region size 2048K, 1 young (2048K), 1 survivors (2048K)
 Metaspace       used 40038K, committed 40768K, reserved 1114112K
  class space    used 5694K, committed 6016K, reserved 1048576K
}
Event: 17.098 GC heap before
{Heap before GC invocations=15 (full 0):
 garbage-first heap   total reserved 4179968K, committed 86016K, used 69632K [0x0000000700e00000, 0x0000000800000000)
  region size 2048K, 7 young (14336K), 1 survivors (2048K)
 Metaspace       used 40038K, committed 40768K, reserved 1114112K
  class space    used 5694K, committed 6016K, reserved 1048576K
}
Event: 17.106 GC heap after
{Heap after GC invocations=16 (full 0):
 garbage-first heap   total reserved 4179968K, committed 86016K, used 63105K [0x0000000700e00000, 0x0000000800000000)
  region size 2048K, 1 young (2048K), 1 survivors (2048K)
 Metaspace       used 40038K, committed 40768K, reserved 1114112K
  class space    used 5694K, committed 6016K, reserved 1048576K
}
Event: 17.190 GC heap before
{Heap before GC invocations=16 (full 0):
 garbage-first heap   total reserved 4179968K, committed 86016K, used 73345K [0x0000000700e00000, 0x0000000800000000)
  region size 2048K, 6 young (12288K), 1 survivors (2048K)
 Metaspace       used 40038K, committed 40768K, reserved 1114112K
  class space    used 5694K, committed 6016K, reserved 1048576K
}
Event: 17.199 GC heap after
{Heap after GC invocations=17 (full 0):
 garbage-first heap   total reserved 4179968K, committed 157696K, used 68941K [0x0000000700e00000, 0x0000000800000000)
  region size 2048K, 1 young (2048K), 1 survivors (2048K)
 Metaspace       used 40038K, committed 40768K, reserved 1114112K
  class space    used 5694K, committed 6016K, reserved 1048576K
}
Event: 17.516 GC heap before
{Heap before GC invocations=18 (full 0):
 garbage-first heap   total reserved 4179968K, committed 157696K, used 111949K [0x0000000700e00000, 0x0000000800000000)
  region size 2048K, 22 young (45056K), 1 survivors (2048K)
 Metaspace       used 39982K, committed 40768K, reserved 1114112K
  class space    used 5678K, committed 6016K, reserved 1048576K
}
Event: 17.532 GC heap after
{Heap after GC invocations=19 (full 0):
 garbage-first heap   total reserved 4179968K, committed 157696K, used 91190K [0x0000000700e00000, 0x0000000800000000)
  region size 2048K, 3 young (6144K), 3 survivors (6144K)
 Metaspace       used 39982K, committed 40768K, reserved 1114112K
  class space    used 5678K, committed 6016K, reserved 1048576K
}
Event: 17.638 GC heap before
{Heap before GC invocations=19 (full 0):
 garbage-first heap   total reserved 4179968K, committed 157696K, used 121910K [0x0000000700e00000, 0x0000000800000000)
  region size 2048K, 18 young (36864K), 3 survivors (6144K)
 Metaspace       used 40097K, committed 40832K, reserved 1114112K
  class space    used 5704K, committed 6016K, reserved 1048576K
}
Event: 17.648 GC heap after
{Heap after GC invocations=20 (full 0):
 garbage-first heap   total reserved 4179968K, committed 157696K, used 100352K [0x0000000700e00000, 0x0000000800000000)
  region size 2048K, 3 young (6144K), 3 survivors (6144K)
 Metaspace       used 40097K, committed 40832K, reserved 1114112K
  class space    used 5704K, committed 6016K, reserved 1048576K
}
Event: 17.702 GC heap before
{Heap before GC invocations=20 (full 0):
 garbage-first heap   total reserved 4179968K, committed 157696K, used 129024K [0x0000000700e00000, 0x0000000800000000)
  region size 2048K, 17 young (34816K), 3 survivors (6144K)
 Metaspace       used 40097K, committed 40832K, reserved 1114112K
  class space    used 5704K, committed 6016K, reserved 1048576K
}
Event: 17.711 GC heap after
{Heap after GC invocations=21 (full 0):
 garbage-first heap   total reserved 4179968K, committed 157696K, used 108544K [0x0000000700e00000, 0x0000000800000000)
  region size 2048K, 3 young (6144K), 3 survivors (6144K)
 Metaspace       used 40097K, committed 40832K, reserved 1114112K
  class space    used 5704K, committed 6016K, reserved 1048576K
}
Event: 17.763 GC heap before
{Heap before GC invocations=21 (full 0):
 garbage-first heap   total reserved 4179968K, committed 157696K, used 133120K [0x0000000700e00000, 0x0000000800000000)
  region size 2048K, 15 young (30720K), 3 survivors (6144K)
 Metaspace       used 40097K, committed 40832K, reserved 1114112K
  class space    used 5704K, committed 6016K, reserved 1048576K
}
Event: 17.772 GC heap after
{Heap after GC invocations=22 (full 0):
 garbage-first heap   total reserved 4179968K, committed 157696K, used 116300K [0x0000000700e00000, 0x0000000800000000)
  region size 2048K, 2 young (4096K), 2 survivors (4096K)
 Metaspace       used 40097K, committed 40832K, reserved 1114112K
  class space    used 5704K, committed 6016K, reserved 1048576K
}
Event: 17.816 GC heap before
{Heap before GC invocations=22 (full 0):
 garbage-first heap   total reserved 4179968K, committed 157696K, used 136780K [0x0000000700e00000, 0x0000000800000000)
  region size 2048K, 12 young (24576K), 2 survivors (4096K)
 Metaspace       used 40097K, committed 40832K, reserved 1114112K
  class space    used 5704K, committed 6016K, reserved 1048576K
}

Dll operation events (11 events):
Event: 0.011 Loaded shared library C:\Program Files\Java\jdk-22\bin\java.dll
Event: 0.161 Loaded shared library C:\Program Files\Java\jdk-22\bin\zip.dll
Event: 0.165 Loaded shared library C:\Program Files\Java\jdk-22\bin\instrument.dll
Event: 0.170 Loaded shared library C:\Program Files\Java\jdk-22\bin\net.dll
Event: 0.173 Loaded shared library C:\Program Files\Java\jdk-22\bin\nio.dll
Event: 0.177 Loaded shared library C:\Program Files\Java\jdk-22\bin\zip.dll
Event: 0.191 Loaded shared library C:\Program Files\Java\jdk-22\bin\jimage.dll
Event: 0.263 Loaded shared library C:\Program Files\Java\jdk-22\bin\management.dll
Event: 0.268 Loaded shared library C:\Program Files\Java\jdk-22\bin\extnet.dll
Event: 0.274 Loaded shared library C:\Program Files\Java\jdk-22\bin\management_ext.dll
Event: 1.449 Loaded shared library C:\Program Files\Java\jdk-22\bin\sunmscapi.dll

Deoptimization events (0 events):
No events

Classes loaded (20 events):
Event: 9.009 Loading class sun/nio/ch/NativeObject done
Event: 9.009 Loading class sun/nio/ch/AllocatedNativeObject done
Event: 9.009 Loading class sun/nio/ch/IOVecWrapper$Deallocator
Event: 9.009 Loading class sun/nio/ch/IOVecWrapper$Deallocator done
Event: 9.055 Loading class java/util/concurrent/CompletableFuture$MinimalStage
Event: 9.056 Loading class java/util/concurrent/CompletableFuture$MinimalStage done
Event: 9.060 Loading class java/util/concurrent/CompletableFuture$UniExceptionally
Event: 9.060 Loading class java/util/concurrent/CompletableFuture$UniExceptionally done
Event: 9.075 Loading class java/util/concurrent/ConcurrentHashMap$ValueSpliterator
Event: 9.075 Loading class java/util/concurrent/ConcurrentHashMap$ValueSpliterator done
Event: 9.130 Loading class java/util/stream/ReduceOps$1
Event: 9.130 Loading class java/util/stream/ReduceOps$1 done
Event: 9.130 Loading class java/util/stream/ReduceOps$1ReducingSink
Event: 9.130 Loading class java/util/stream/ReduceOps$1ReducingSink done
Event: 9.132 Loading class java/util/OptionalLong
Event: 9.132 Loading class java/util/OptionalLong done
Event: 9.132 Loading class java/util/OptionalDouble
Event: 9.132 Loading class java/util/OptionalDouble done
Event: 17.571 Loading class java/util/Spliterators$IntArraySpliterator
Event: 17.571 Loading class java/util/Spliterators$IntArraySpliterator done

Classes unloaded (20 events):
Event: 17.294 Thread 0x000002b4c7fe46f0 Unloading class 0x000002b4ca0d3000 'java/lang/invoke/LambdaForm$MH+0x000002b4ca0d3000'
Event: 17.294 Thread 0x000002b4c7fe46f0 Unloading class 0x000002b4ca0d2c00 'java/lang/invoke/LambdaForm$MH+0x000002b4ca0d2c00'
Event: 17.294 Thread 0x000002b4c7fe46f0 Unloading class 0x000002b4ca0d2800 'java/lang/invoke/LambdaForm$MH+0x000002b4ca0d2800'
Event: 17.294 Thread 0x000002b4c7fe46f0 Unloading class 0x000002b4ca0d2400 'java/lang/invoke/LambdaForm$MH+0x000002b4ca0d2400'
Event: 17.294 Thread 0x000002b4c7fe46f0 Unloading class 0x000002b4ca0d2000 'java/lang/invoke/LambdaForm$BMH+0x000002b4ca0d2000'
Event: 17.294 Thread 0x000002b4c7fe46f0 Unloading class 0x000002b4ca0cfc00 'java/lang/invoke/LambdaForm$MH+0x000002b4ca0cfc00'
Event: 17.294 Thread 0x000002b4c7fe46f0 Unloading class 0x000002b4ca0ce800 'java/lang/invoke/LambdaForm$MH+0x000002b4ca0ce800'
Event: 17.294 Thread 0x000002b4c7fe46f0 Unloading class 0x000002b4ca0ce400 'java/lang/invoke/LambdaForm$MH+0x000002b4ca0ce400'
Event: 17.294 Thread 0x000002b4c7fe46f0 Unloading class 0x000002b4ca0ca000 'java/lang/invoke/LambdaForm$MH+0x000002b4ca0ca000'
Event: 17.294 Thread 0x000002b4c7fe46f0 Unloading class 0x000002b4ca0c9000 'java/lang/invoke/LambdaForm$MH+0x000002b4ca0c9000'
Event: 17.294 Thread 0x000002b4c7fe46f0 Unloading class 0x000002b4ca0c8c00 'java/lang/invoke/LambdaForm$MH+0x000002b4ca0c8c00'
Event: 17.294 Thread 0x000002b4c7fe46f0 Unloading class 0x000002b4ca0c8400 'java/lang/invoke/LambdaForm$MH+0x000002b4ca0c8400'
Event: 17.294 Thread 0x000002b4c7fe46f0 Unloading class 0x000002b4ca0c0800 'java/lang/invoke/LambdaForm$DMH+0x000002b4ca0c0800'
Event: 17.294 Thread 0x000002b4c7fe46f0 Unloading class 0x000002b4ca0c0000 'java/lang/invoke/LambdaForm$DMH+0x000002b4ca0c0000'
Event: 17.294 Thread 0x000002b4c7fe46f0 Unloading class 0x000002b4ca00cc00 'java/lang/invoke/LambdaForm$DMH+0x000002b4ca00cc00'
Event: 17.294 Thread 0x000002b4c7fe46f0 Unloading class 0x000002b4ca00c800 'java/lang/invoke/LambdaForm$DMH+0x000002b4ca00c800'
Event: 17.294 Thread 0x000002b4c7fe46f0 Unloading class 0x000002b4ca003800 'java/lang/invoke/LambdaForm$MH+0x000002b4ca003800'
Event: 17.294 Thread 0x000002b4c7fe46f0 Unloading class 0x000002b4ca003400 'java/lang/invoke/LambdaForm$MH+0x000002b4ca003400'
Event: 17.294 Thread 0x000002b4c7fe46f0 Unloading class 0x000002b4ca003000 'java/lang/invoke/LambdaForm$MH+0x000002b4ca003000'
Event: 17.294 Thread 0x000002b4c7fe46f0 Unloading class 0x000002b4ca002800 'java/lang/invoke/LambdaForm$MH+0x000002b4ca002800'

Classes redefined (0 events):
No events

Internal exceptions (20 events):
Event: 8.295 Thread 0x000002b50f9a4040 Exception <a 'sun/nio/fs/WindowsException'{0x0000000709862288}> (0x0000000709862288) 
thrown [s\open\src\hotspot\share\prims\jni.cpp, line 520]
Event: 8.493 Thread 0x000002b50f9a4040 Exception <a 'sun/nio/fs/WindowsException'{0x000000070802e4b8}> (0x000000070802e4b8) 
thrown [s\open\src\hotspot\share\prims\jni.cpp, line 520]
Event: 8.493 Thread 0x000002b50f9a4040 Exception <a 'sun/nio/fs/WindowsException'{0x000000070802e7b8}> (0x000000070802e7b8) 
thrown [s\open\src\hotspot\share\prims\jni.cpp, line 520]
Event: 8.532 Thread 0x000002b50e608c80 Exception <a 'java/lang/IncompatibleClassChangeError'{0x0000000710c44150}: Found class java.lang.Object, but interface was expected> (0x0000000710c44150) 
thrown [s\open\src\hotspot\share\interpreter\linkResolver.cpp, line 841]
Event: 8.613 Thread 0x000002b50e608c80 Exception <a 'java/lang/NoSuchMethodError'{0x0000000704aa7b50}: 'java.lang.Object java.lang.invoke.DirectMethodHandle$Holder.newInvokeSpecial(java.lang.Object, java.lang.Object, java.lang.Object, java.lang.Object, int)'> (0x0000000704aa7b50) 
thrown [s\open\src\hotspot\share\interpreter\linkResolver.cpp, line 774]
Event: 8.613 Thread 0x000002b50e608c80 Exception <a 'java/lang/NoSuchMethodError'{0x0000000704aabe70}: 'java.lang.Object java.lang.invoke.DirectMethodHandle$Holder.invokeSpecial(java.lang.Object, java.lang.Object, java.lang.Object, java.lang.Object, java.lang.Object, int)'> (0x0000000704aabe70) 
thrown [s\open\src\hotspot\share\interpreter\linkResolver.cpp, line 774]
Event: 8.613 Thread 0x000002b50e608c80 Exception <a 'java/lang/NoSuchMethodError'{0x0000000704aaf9a0}: 'java.lang.Object java.lang.invoke.Invokers$Holder.linkToTargetMethod(java.lang.Object, java.lang.Object, java.lang.Object, int, java.lang.Object)'> (0x0000000704aaf9a0) 
thrown [s\open\src\hotspot\share\interpreter\linkResolver.cpp, line 774]
Event: 8.679 Thread 0x000002b50f9a3320 Exception <a 'java/lang/NoSuchMethodError'{0x0000000704841600}: 'void java.lang.invoke.DirectMethodHandle$Holder.invokeSpecial(java.lang.Object, java.lang.Object, java.lang.Object, java.lang.Object, java.lang.Object, java.lang.Object, java.lang.Object, java.lang.Object)'> (0x0000000704841600) 
thrown [s\open\src\hotspot\share\interpreter\linkResolver.cpp, line 774]
Event: 9.024 Thread 0x000002b50f99fea0 Exception <a 'java/lang/NoSuchMethodError'{0x00000007041ddf00}: 'void java.lang.invoke.DirectMethodHandle$Holder.invokeSpecial(java.lang.Object, java.lang.Object, int, java.lang.Object)'> (0x00000007041ddf00) 
thrown [s\open\src\hotspot\share\interpreter\linkResolver.cpp, line 774]
Event: 9.024 Thread 0x000002b50f99fea0 Exception <a 'java/lang/NoSuchMethodError'{0x00000007041e4188}: 'java.lang.Object java.lang.invoke.DirectMethodHandle$Holder.newInvokeSpecial(java.lang.Object, java.lang.Object, int, java.lang.Object)'> (0x00000007041e4188) 
thrown [s\open\src\hotspot\share\interpreter\linkResolver.cpp, line 774]
Event: 9.025 Thread 0x000002b50f99fea0 Exception <a 'java/lang/NoSuchMethodError'{0x00000007041e7b58}: 'java.lang.Object java.lang.invoke.Invokers$Holder.linkToTargetMethod(java.lang.Object, int, java.lang.Object, java.lang.Object)'> (0x00000007041e7b58) 
thrown [s\open\src\hotspot\share\interpreter\linkResolver.cpp, line 774]
Event: 9.050 Thread 0x000002b50f99fea0 Exception <a 'java/lang/NoSuchMethodError'{0x0000000703e57b30}: 'java.lang.Object java.lang.invoke.DirectMethodHandle$Holder.newInvokeSpecial(java.lang.Object, java.lang.Object, java.lang.Object, java.lang.Object, java.lang.Object, java.lang.Object, java.lang.Object, java.lang.Object, java.lang.Object)'> (0x0000000703e57b30) 
thrown [s\open\src\hotspot\share\interpreter\linkResolver.cpp, line 774]
Event: 9.090 Thread 0x000002b50e608c80 Exception <a 'java/lang/NoSuchMethodError'{0x0000000703ffb890}: 'java.lang.Object java.lang.invoke.DirectMethodHandle$Holder.invokeSpecial(java.lang.Object, java.lang.Object, java.lang.Object, java.lang.Object, java.lang.Object, int, java.lang.Object)'> (0x0000000703ffb890) 
thrown [s\open\src\hotspot\share\interpreter\linkResolver.cpp, line 774]
Event: 9.091 Thread 0x000002b50e608c80 Exception <a 'java/lang/NoSuchMethodError'{0x0000000703c147a8}: 'java.lang.Object java.lang.invoke.DirectMethodHandle$Holder.newInvokeSpecial(java.lang.Object, java.lang.Object, java.lang.Object, java.lang.Object, java.lang.Object, int)'> (0x0000000703c147a8) 
thrown [s\open\src\hotspot\share\interpreter\linkResolver.cpp, line 774]
Event: 9.091 Thread 0x000002b50e608c80 Exception <a 'java/lang/NoSuchMethodError'{0x0000000703c18918}: 'java.lang.Object java.lang.invoke.Invokers$Holder.linkToTargetMethod(java.lang.Object, java.lang.Object, java.lang.Object, java.lang.Object, int, java.lang.Object)'> (0x0000000703c18918) 
thrown [s\open\src\hotspot\share\interpreter\linkResolver.cpp, line 774]
Event: 9.130 Thread 0x000002b50e608c80 Exception <a 'java/lang/IncompatibleClassChangeError'{0x0000000703cf84c8}: Found class java.lang.Object, but interface was expected> (0x0000000703cf84c8) 
thrown [s\open\src\hotspot\share\interpreter\linkResolver.cpp, line 841]
Event: 9.130 Thread 0x000002b50e608c80 Exception <a 'java/lang/IncompatibleClassChangeError'{0x0000000703cfe0d8}: Found class java.lang.Object, but interface was expected> (0x0000000703cfe0d8) 
thrown [s\open\src\hotspot\share\interpreter\linkResolver.cpp, line 841]
Event: 9.176 Thread 0x000002b50e608c80 Exception <a 'java/lang/NoSuchMethodError'{0x0000000703affa88}: 'void java.lang.invoke.DirectMethodHandle$Holder.invokeStaticInit(java.lang.Object)'> (0x0000000703affa88) 
thrown [s\open\src\hotspot\share\interpreter\linkResolver.cpp, line 774]
Event: 9.180 Thread 0x000002b50e608c80 Exception <a 'java/lang/NoSuchMethodError'{0x0000000703b34c80}: 'void java.lang.invoke.DirectMethodHandle$Holder.invokeStatic(java.lang.Object, java.lang.Object, long)'> (0x0000000703b34c80) 
thrown [s\open\src\hotspot\share\interpreter\linkResolver.cpp, line 774]
Event: 9.180 Thread 0x000002b50e608c80 Exception <a 'java/lang/NoSuchMethodError'{0x0000000703b3a6d8}: 'java.lang.Object java.lang.invoke.DirectMethodHandle$Holder.newInvokeSpecial(java.lang.Object, java.lang.Object, long)'> (0x0000000703b3a6d8) 
thrown [s\open\src\hotspot\share\interpreter\linkResolver.cpp, line 774]

ZGC Phase Switch (0 events):
No events

VM Operations (20 events):
Event: 16.942 Executing VM operation: G1PauseCleanup done
Event: 16.992 Executing VM operation: G1CollectForAllocation (G1 Evacuation Pause)
Event: 17.002 Executing VM operation: G1CollectForAllocation (G1 Evacuation Pause) done
Event: 17.098 Executing VM operation: G1CollectForAllocation (G1 Evacuation Pause)
Event: 17.106 Executing VM operation: G1CollectForAllocation (G1 Evacuation Pause) done
Event: 17.190 Executing VM operation: G1CollectForAllocation (G1 Evacuation Pause)
Event: 17.199 Executing VM operation: G1CollectForAllocation (G1 Evacuation Pause) done
Event: 17.293 Executing VM operation: G1PauseRemark
Event: 17.298 Executing VM operation: G1PauseRemark done
Event: 17.343 Executing VM operation: G1PauseCleanup
Event: 17.343 Executing VM operation: G1PauseCleanup done
Event: 17.515 Executing VM operation: G1CollectForAllocation (G1 Evacuation Pause)
Event: 17.532 Executing VM operation: G1CollectForAllocation (G1 Evacuation Pause) done
Event: 17.638 Executing VM operation: G1CollectForAllocation (G1 Evacuation Pause)
Event: 17.648 Executing VM operation: G1CollectForAllocation (G1 Evacuation Pause) done
Event: 17.702 Executing VM operation: G1CollectForAllocation (G1 Evacuation Pause)
Event: 17.711 Executing VM operation: G1CollectForAllocation (G1 Evacuation Pause) done
Event: 17.763 Executing VM operation: G1CollectForAllocation (G1 Evacuation Pause)
Event: 17.772 Executing VM operation: G1CollectForAllocation (G1 Evacuation Pause) done
Event: 17.816 Executing VM operation: G1CollectForAllocation (G1 Evacuation Pause)

Events (20 events):
Event: 16.917 Thread 0x000002b4c7fe46f0 flushing nmethod 0x000002b4be44a890
Event: 16.917 Thread 0x000002b4c7fe46f0 flushing nmethod 0x000002b4be479e10
Event: 16.917 Thread 0x000002b4c7fe46f0 flushing nmethod 0x000002b4be47a510
Event: 16.917 Thread 0x000002b4c7fe46f0 flushing nmethod 0x000002b4be49bf10
Event: 16.917 Thread 0x000002b4c7fe46f0 flushing nmethod 0x000002b4be4e4f90
Event: 16.917 Thread 0x000002b4c7fe46f0 flushing nmethod 0x000002b4be55d810
Event: 16.917 Thread 0x000002b4c7fe46f0 flushing nmethod 0x000002b4be5cf690
Event: 16.917 Thread 0x000002b4c7fe46f0 flushing nmethod 0x000002b4be2b0710
Event: 16.917 Thread 0x000002b4c7fe46f0 flushing nmethod 0x000002b4be37b990
Event: 16.917 Thread 0x000002b4c7fe46f0 flushing nmethod 0x000002b4be393890
Event: 16.917 Thread 0x000002b4c7fe46f0 flushing nmethod 0x000002b4be3ccd10
Event: 16.917 Thread 0x000002b4c7fe46f0 flushing nmethod 0x000002b4be435e10
Event: 16.917 Thread 0x000002b4c7fe46f0 flushing nmethod 0x000002b4be437a90
Event: 16.917 Thread 0x000002b4c7fe46f0 flushing nmethod 0x000002b4be48f090
Event: 16.917 Thread 0x000002b4c7fe46f0 flushing nmethod 0x000002b4be48f490
Event: 16.917 Thread 0x000002b4c7fe46f0 flushing nmethod 0x000002b4be4c4090
Event: 16.917 Thread 0x000002b4c7fe46f0 flushing nmethod 0x000002b4be4ded10
Event: 16.917 Thread 0x000002b4c7fe46f0 flushing nmethod 0x000002b4be569290
Event: 17.298 Thread 0x000002b4c7fe46f0 flushing nmethod 0x000002b4be0f4c90
Event: 17.298 Thread 0x000002b4c7fe46f0 flushing nmethod 0x000002b4be1ebf90


Dynamic libraries:
0x00007ff77e980000 - 0x00007ff77e990000 	C:\Program Files\Java\jdk-22\bin\java.exe
0x00007ffb329b0000 - 0x00007ffb32ba8000 	C:\Windows\SYSTEM32\ntdll.dll
0x00007ffb30f30000 - 0x00007ffb30ff2000 	C:\Windows\System32\KERNEL32.DLL
0x00007ffb305f0000 - 0x00007ffb308e6000 	C:\Windows\System32\KERNELBASE.dll
0x00007ffb30050000 - 0x00007ffb30150000 	C:\Windows\System32\ucrtbase.dll
0x00007ffb28c00000 - 0x00007ffb28c1b000 	C:\Program Files\Java\jdk-22\bin\VCRUNTIME140.dll
0x00007ffb28be0000 - 0x00007ffb28bf7000 	C:\Program Files\Java\jdk-22\bin\jli.dll
0x00007ffb30c10000 - 0x00007ffb30cbf000 	C:\Windows\System32\ADVAPI32.dll
0x00007ffb31de0000 - 0x00007ffb31e7e000 	C:\Windows\System32\msvcrt.dll
0x00007ffb32110000 - 0x00007ffb321af000 	C:\Windows\System32\sechost.dll
0x00007ffb30cc0000 - 0x00007ffb30de3000 	C:\Windows\System32\RPCRT4.dll
0x00007ffb309b0000 - 0x00007ffb309d7000 	C:\Windows\System32\bcrypt.dll
0x00007ffb32730000 - 0x00007ffb328cd000 	C:\Windows\System32\USER32.dll
0x00007ffb308f0000 - 0x00007ffb30912000 	C:\Windows\System32\win32u.dll
0x00007ffb1df60000 - 0x00007ffb1e1fa000 	C:\Windows\WinSxS\amd64_microsoft.windows.common-controls_6595b64144ccf1df_6.0.19041.5794_none_60bcd33171f2783c\COMCTL32.dll
0x00007ffb30be0000 - 0x00007ffb30c0b000 	C:\Windows\System32\GDI32.dll
0x00007ffb30150000 - 0x00007ffb3026a000 	C:\Windows\System32\gdi32full.dll
0x00007ffb30340000 - 0x00007ffb303dd000 	C:\Windows\System32\msvcp_win.dll
0x00007ffb2c220000 - 0x00007ffb2c22a000 	C:\Windows\SYSTEM32\VERSION.dll
0x00007ffb32940000 - 0x00007ffb3296f000 	C:\Windows\System32\IMM32.DLL
0x00007ffb28430000 - 0x00007ffb2843c000 	C:\Program Files\Java\jdk-22\bin\vcruntime140_1.dll
0x00007ffb283a0000 - 0x00007ffb2842e000 	C:\Program Files\Java\jdk-22\bin\msvcp140.dll
0x00007ffaeafa0000 - 0x00007ffaebce8000 	C:\Program Files\Java\jdk-22\bin\server\jvm.dll
0x00007ffb328d0000 - 0x00007ffb3293b000 	C:\Windows\System32\WS2_32.dll
0x00007ffb26cf0000 - 0x00007ffb26d17000 	C:\Windows\SYSTEM32\WINMM.dll
0x00007ffb2f980000 - 0x00007ffb2f9cb000 	C:\Windows\SYSTEM32\POWRPROF.dll
0x00007ffb2f960000 - 0x00007ffb2f972000 	C:\Windows\SYSTEM32\UMPDC.dll
0x00007ffb2e840000 - 0x00007ffb2e852000 	C:\Windows\SYSTEM32\kernel.appcore.dll
0x00007ffb28390000 - 0x00007ffb2839a000 	C:\Program Files\Java\jdk-22\bin\jimage.dll
0x00007ffb2d4f0000 - 0x00007ffb2d6f1000 	C:\Windows\SYSTEM32\DBGHELP.DLL
0x00007ffb0ad90000 - 0x00007ffb0adc4000 	C:\Windows\SYSTEM32\dbgcore.DLL
0x00007ffb30920000 - 0x00007ffb309a2000 	C:\Windows\System32\bcryptPrimitives.dll
0x00007ffb178a0000 - 0x00007ffb178af000 	C:\Program Files\Java\jdk-22\bin\instrument.dll
0x00007ffb19720000 - 0x00007ffb1973e000 	C:\Program Files\Java\jdk-22\bin\java.dll
0x00007ffb31590000 - 0x00007ffb31cfe000 	C:\Windows\System32\SHELL32.dll
0x00007ffb30e00000 - 0x00007ffb30f2b000 	C:\Windows\System32\ole32.dll
0x00007ffb31190000 - 0x00007ffb314e3000 	C:\Windows\System32\combase.dll
0x00007ffb2e090000 - 0x00007ffb2e833000 	C:\Windows\SYSTEM32\windows.storage.dll
0x00007ffb2f930000 - 0x00007ffb2f95b000 	C:\Windows\SYSTEM32\Wldp.dll
0x00007ffb31e80000 - 0x00007ffb31f4d000 	C:\Windows\System32\OLEAUT32.dll
0x00007ffb31080000 - 0x00007ffb3112d000 	C:\Windows\System32\SHCORE.dll
0x00007ffb30b80000 - 0x00007ffb30bd5000 	C:\Windows\System32\shlwapi.dll
0x00007ffb2ff80000 - 0x00007ffb2ffa5000 	C:\Windows\SYSTEM32\profapi.dll
0x00007ffb27a70000 - 0x00007ffb27a87000 	C:\Program Files\Java\jdk-22\bin\zip.dll
0x00007ffb2bf80000 - 0x00007ffb2bf90000 	C:\Program Files\Java\jdk-22\bin\net.dll
0x00007ffb2f6b0000 - 0x00007ffb2f71c000 	C:\Windows\system32\mswsock.dll
0x00007ffb26c90000 - 0x00007ffb26ca6000 	C:\Program Files\Java\jdk-22\bin\nio.dll
0x00007ffb2f3f0000 - 0x00007ffb2f4ba000 	C:\Windows\SYSTEM32\DNSAPI.dll
0x00007ffb2f3b0000 - 0x00007ffb2f3eb000 	C:\Windows\SYSTEM32\IPHLPAPI.DLL
0x00007ffb32100000 - 0x00007ffb32108000 	C:\Windows\System32\NSI.dll
0x00007ffb28260000 - 0x00007ffb2826a000 	C:\Windows\System32\rasadhlp.dll
0x00007ffb28620000 - 0x00007ffb286a0000 	C:\Windows\System32\fwpuclnt.dll
0x00007ffb2bf40000 - 0x00007ffb2bf4a000 	C:\Program Files\Java\jdk-22\bin\management.dll
0x00007ffb28c20000 - 0x00007ffb28c29000 	C:\Program Files\Java\jdk-22\bin\extnet.dll
0x00007ffb28380000 - 0x00007ffb2838b000 	C:\Program Files\Java\jdk-22\bin\management_ext.dll
0x00007ffb314f0000 - 0x00007ffb314f8000 	C:\Windows\System32\PSAPI.DLL
0x00007ffb2fa50000 - 0x00007ffb2fa68000 	C:\Windows\SYSTEM32\CRYPTSP.dll
0x00007ffb2eff0000 - 0x00007ffb2f028000 	C:\Windows\system32\rsaenh.dll
0x00007ffb2ff40000 - 0x00007ffb2ff6e000 	C:\Windows\SYSTEM32\USERENV.dll
0x00007ffb2f840000 - 0x00007ffb2f84c000 	C:\Windows\SYSTEM32\CRYPTBASE.dll
0x00007ffb11d40000 - 0x00007ffb11d57000 	C:\Windows\system32\napinsp.dll
0x00007ffb11d20000 - 0x00007ffb11d3b000 	C:\Windows\system32\pnrpnsp.dll
0x00007ffb11d00000 - 0x00007ffb11d1d000 	C:\Windows\system32\wshbth.dll
0x00007ffb2be70000 - 0x00007ffb2be8d000 	C:\Windows\system32\NLAapi.dll
0x00007ffb11ce0000 - 0x00007ffb11cf2000 	C:\Windows\System32\winrnr.dll
0x00007ffb14930000 - 0x00007ffb14981000 	C:\Windows\SYSTEM32\pdh.dll
0x00007ffb13700000 - 0x00007ffb1370f000 	C:\Windows\System32\perfproc.dll
0x00007ffb12480000 - 0x00007ffb1248f000 	C:\Windows\System32\perfos.dll
0x00007ffb16200000 - 0x00007ffb1620e000 	C:\Program Files\Java\jdk-22\bin\sunmscapi.dll
0x00007ffb30490000 - 0x00007ffb305ed000 	C:\Windows\System32\CRYPT32.dll
0x00007ffb2fa20000 - 0x00007ffb2fa47000 	C:\Windows\SYSTEM32\ncrypt.dll
0x00007ffb2f9d0000 - 0x00007ffb2fa0b000 	C:\Windows\SYSTEM32\NTASN1.dll
0x00007ffb17730000 - 0x00007ffb17737000 	C:\Windows\system32\wshunix.dll

dbghelp: loaded successfully - version: 4.0.5 - missing functions: none
symbol engine: initialized successfully - sym options: 0x614 - pdb path: .;C:\Program Files\Java\jdk-22\bin;C:\Windows\SYSTEM32;C:\Windows\WinSxS\amd64_microsoft.windows.common-controls_6595b64144ccf1df_6.0.19041.5794_none_60bcd33171f2783c;C:\Program Files\Java\jdk-22\bin\server

VM Arguments:
jvm_args: -XX:TieredStopAtLevel=1 -Dspring.output.ansi.enabled=always -Dcom.sun.management.jmxremote -Dspring.jmx.enabled=true -Dspring.liveBeansView.mbeanDomain -Dspring.application.admin.enabled=true -Dmanagement.endpoints.jmx.exposure.include=* -javaagent:D:\IntelliJ IDEA 2025.3.4\lib\idea_rt.jar=58904 -Dfile.encoding=UTF-8 -Dsun.stdout.encoding=UTF-8 -Dsun.stderr.encoding=UTF-8 
java_command: org.datasource.SpringBootNoSQLNeo4JService
java_class_path (initial): D:\Github\IIS\DSA-NoSQL-Neo4JService\target\classes;C:\Users\Stefan\.m2\repository\org\springframework\boot\spring-boot-starter\3.3.5\spring-boot-starter-3.3.5.jar;C:\Users\Stefan\.m2\repository\org\springframework\boot\spring-boot\3.3.5\spring-boot-3.3.5.jar;C:\Users\Stefan\.m2\repository\org\springframework\spring-context\6.1.14\spring-context-6.1.14.jar;C:\Users\Stefan\.m2\repository\org\springframework\boot\spring-boot-autoconfigure\3.3.5\spring-boot-autoconfigure-3.3.5.jar;C:\Users\Stefan\.m2\repository\org\springframework\boot\spring-boot-starter-logging\3.3.5\spring-boot-starter-logging-3.3.5.jar;C:\Users\Stefan\.m2\repository\ch\qos\logback\logback-classic\1.5.11\logback-classic-1.5.11.jar;C:\Users\Stefan\.m2\repository\ch\qos\logback\logback-core\1.5.11\logback-core-1.5.11.jar;C:\Users\Stefan\.m2\repository\org\apache\logging\log4j\log4j-to-slf4j\2.23.1\log4j-to-slf4j-2.23.1.jar;C:\Users\Stefan\.m2\repository\org\apache\logging\log4j\log4j-api\2.23.1\log4j-api-2.23.1.jar;C:\Users\Stefan\.m2\repository\org\slf4j\jul-to-slf4j\2.0.16\jul-to-slf4j-2.0.16.jar;C:\Users\Stefan\.m2\repository\jakarta\annotation\jakarta.annotation-api\2.1.1\jakarta.annotation-api-2.1.1.jar;C:\Users\Stefan\.m2\repository\org\springframework\spring-core\6.1.14\spring-core-6.1.14.jar;C:\Users\Stefan\.m2\repository\org\springframework\spring-jcl\6.1.14\spring-jcl-6.1.14.jar;C:\Users\Stefan\.m2\repository\org\yaml\snakeyaml\2.2\snakeyaml-2.2.jar;C:\Users\Stefan\.m2\repository\org\slf4j\slf4j-api\2.0.16\slf4j-api-2.0.16.jar;C:\Users\Stefan\.m2\repository\org\springframework\boot\spring-boot-starter-web\3.3.5\spring-boot-starter-web-3.3.5.jar;C:\Users\Stefan\.m2\repository\org\springframework\boot\spring-boot-starter-json\3.3.5\spring-boot-starter-json-3.3.5.jar;C:\Users\Stefan\.m2\repository\com\fasterxml\jackson\datatype\jackson-datatype-jdk8\2.17.2\jackson-datatype-jdk8-2.17.2.jar;C:\Users\Stefan\.m2\repository\com\fasterxml\jackson\datatype\jackson-datatype-jsr310\2.17.2\jackson-datatype-jsr310-2.17.2.jar;C:\Users\Stefan\.m2\repository\com\fasterxml\jackson\module\jackson-module-parameter-names\2.17.2\jackson-module-parameter-names-2.17.2.jar;C:\Users\Stefan\.m2\repository\org\springframework\boot\spring-boot-starter-tomcat\3.3.5\spring-boot-starter-tomcat-3.3.5.jar;C:\Users\Stefan\.m2\repository\org\apache\tomcat\embed\tomcat-embed-core\10.1.31\tomcat-embed-core-10.1.31.jar;C:\Users\Stefan\.m2\repository\org\apache\tomcat\embed\tomcat-embed-el\10.1.31\tomcat-embed-el-10.1.31.jar;C:\Users\Stefan\.m2\repository\org\apache\tomcat\embed\tomcat-embed-websocket\10.1.31\tomcat-embed-websocket-10.1.31.jar;C:\Users\Stefan\.m2\repository\org\springframework\spring-web\6.1.14\spring-web-6.1.14.jar;C:\Users\Stefan\.m2\repository\org\springframework\spring-beans\6.1.14\spring-beans-6.1.14.jar;C:\Users\Stefan\.m2\repository\io\micrometer\micrometer-observation\1.13.6\micrometer-observation-1.13.6.jar;C:\Users\Stefan\.m2\repository\io\micrometer\micrometer-commons\1.13.6\micrometer-commons-1.13.6.jar;C:\Users\Stefan\.m2\repository\org\springframework\spring-webmvc\6.1.14\spring-webmvc-6.1.14.jar;C:\Users\Stefan\.m2\repository\org\springframework\spring-expression\6.1.14\spring-expression-6.1.14.jar;C:\Users\Stefan\.m2\repository\org\springframework\boot\spring-boot-starter-security\3.3.5\spring-boot-starter-security-3.3.5.jar;C:\Users\Stefan\.m2\repository\org\springframework\spring-aop\6.1.14\spring-aop-6.1.14.jar;C:\Users\Stefan\.m2\repository\org\springframework\security\spring-security-config\6.3.4\spring-security-config-6.3.4.jar;C:\Users\Stefan\.m2\repository\org\springframework\security\spring-security-core\6.3.4\spring-security-core-6.3.4.jar;C:\Users\Stefan\.m2\repository\org\springframework\security\spring-security-crypto\6.3.4\spring-security-crypto-6.3.4.jar;C:\Users\Stefan\.m2\repository\org\springframework\security\spring-security-web\6.3.4\spring-security-web-6.3.4.jar;C:\Users\Stefan\.m2\repository\com\fasterxml\jackson\dataformat\jackson-dataformat-xml\2.17.2\jackson-dataformat-xml-2.17.2.jar;C:\Users\Stefan\.m2\repository\com\fasterxml\jackson\core\jackson-core\2.17.2\jackson-core-2.17.2.jar;C:\Users\Stefan\.m2\repository\com\fasterxml\jackson\core\jackson-annotations\2.17.2\jackson-annotations-2.17.2.jar;C:\Users\Stefan\.m2\repository\com\fasterxml\jackson\core\jackson-databind\2.17.2\jackson-databind-2.17.2.jar;C:\Users\Stefan\.m2\repository\org\codehaus\woodstox\stax2-api\4.2.2\stax2-api-4.2.2.jar;C:\Users\Stefan\.m2\repository\com\fasterxml\woodstox\woodstox-core\6.7.0\woodstox-core-6.7.0.jar;C:\Users\Stefan\.m2\repository\org\neo4j\neo4j-ogm-core\4.0.4\neo4j-ogm-core-4.0.4.jar;C:\Users\Stefan\.m2\repository\org\neo4j\neo4j-ogm-api\4.0.4\neo4j-ogm-api-4.0.4.jar;C:\Users\Stefan\.m2\repository\io\github\classgraph\classgraph\4.8.156\classgraph-4.8.156.jar;C:\Users\Stefan\.m2\repository\org\neo4j\neo4j-ogm-bolt-driver\4.0.4\neo4j-ogm-bolt-driver-4.0.4.jar;C:\Users\Stefan\.m2\repository\org\neo4j\driver\neo4j-java-driver\5.25.0\neo4j-java-driver-5.25.0.jar;C:\Users\Stefan\.m2\repository\org\reactivestreams\reactive-streams\1.0.4\reactive-streams-1.0.4.jar;C:\Users\Stefan\.m2\repository\io\netty\netty-handler\4.1.114.Final\netty-handler-4.1.114.Final.jar;C:\Users\Stefan\.m2\repository\io\netty\netty-common\4.1.114.Final\netty-common-4.1.114.Final.jar;C:\Users\Stefan\.m2\repository\io\netty\netty-resolver\4.1.114.Final\netty-resolver-4.1.114.Final.jar;C:\Users\Stefan\.m2\repository\io\netty\netty-buffer\4.1.114.Final\netty-buffer-4.1.114.Final.jar;C:\Users\Stefan\.m2\repository\io\netty\netty-transport\4.1.114.Final\netty-transport-4.1.114.Final.jar;C:\Users\Stefan\.m2\repository\io\netty\netty-transport-native-unix-common\4.1.114.Final\netty-transport-native-unix-common-4.1.114.Final.jar;C:\Users\Stefan\.m2\repository\io\netty\netty-codec\4.1.114.Final\netty-codec-4.1.114.Final.jar;C:\Users\Stefan\.m2\repository\io\netty\netty-tcnative-classes\2.0.66.Final\netty-tcnative-classes-2.0.66.Final.jar;C:\Users\Stefan\.m2\repository\io\projectreactor\reactor-core\3.6.11\reactor-core-3.6.11.jar;C:\Users\Stefan\.m2\repository\org\projectlombok\lombok\1.18.30\lombok-1.18.30.jar
Launcher Type: SUN_STANDARD

[Global flags]
     intx CICompilerCount                          = 3                                         {product} {ergonomic}
     uint ConcGCThreads                            = 1                                         {product} {ergonomic}
     uint G1ConcRefinementThreads                  = 4                                         {product} {ergonomic}
   size_t G1HeapRegionSize                         = 2097152                                   {product} {ergonomic}
   size_t InitialHeapSize                          = 268435456                                 {product} {ergonomic}
     bool ManagementServer                         = true                                      {product} {command line}
   size_t MarkStackSize                            = 4194304                                   {product} {ergonomic}
   size_t MaxHeapSize                              = 4280287232                                {product} {ergonomic}
   size_t MaxNewSize                               = 2566914048                                {product} {ergonomic}
   size_t MinHeapDeltaBytes                        = 2097152                                   {product} {ergonomic}
   size_t MinHeapSize                              = 8388608                                   {product} {ergonomic}
    uintx NonNMethodCodeHeapSize                   = 4096                                   {pd product} {ergonomic}
    uintx NonProfiledCodeHeapSize                  = 0                                      {pd product} {ergonomic}
     bool ProfileInterpreter                       = false                                  {pd product} {command line}
    uintx ProfiledCodeHeapSize                     = 0                                      {pd product} {ergonomic}
   size_t SoftMaxHeapSize                          = 4280287232                             {manageable} {ergonomic}
     intx TieredStopAtLevel                        = 1                                         {product} {command line}
     bool UseCompressedOops                        = true                           {product lp64_product} {ergonomic}
     bool UseG1GC                                  = true                                      {product} {ergonomic}
     bool UseLargePagesIndividualAllocation        = false                                  {pd product} {ergonomic}

Logging:
Log output configuration:
 #0: stdout all=warning uptime,level,tags foldmultilines=false
 #1: stderr all=off uptime,level,tags foldmultilines=false

Environment Variables:
PATH=D:\WINDOWS.X64_193000_db_home\bin;C:\Program Files\Common Files\Oracle\Java\javapath;C:\Program Files (x86)\Common Files\Oracle\Java\java8path;C:\Program Files (x86)\Common Files\Oracle\Java\javapath;C:\FFmpeg;C:\Windows\system32;C:\Windows;C:\Windows\System32\Wbem;C:\Windows\System32\WindowsPowerShell\v1.0\;C:\Windows\System32\OpenSSH\;C:\FFmpeg;C:\Users\Stefan\AppData\Local\Microsoft\WindowsApps;C:\Program Files\PostgreSQL\16\bin;C:\Program Files\dotnet\;C:\ProgramData\chocolatey\bin;C:\Program Files\Microsoft SQL Server\Client SDK\ODBC\170\Tools\Binn\;C:\Program Files\Calibre2\;C:\Program Files\Sunshine;C:\Program Files\Sunshine\tools;C:\Program Files\Docker\Docker\resources\bin;C:\Program Files\Git\cmd;C:\hadoop\bin;C:\Users\Stefan\AppData\Local\Programs\Python\Python313\Scripts\;C:\Users\Stefan\AppData\Local\Programs\Python\Python313\;C:\Users\Stefan\AppData\Local\Programs\Python\Python310\Scripts\;C:\Users\Stefan\AppData\Local\Programs\Python\Python310\;C:\Users\Stefan\AppData\Local\Programs\Python\Python312\Scripts\;C:\Users\Stefan\AppData\Local\Programs\Python\Python312\;C:\Users\Stefan\AppData\Local\Microsoft\WindowsApps;C:\Program Files\JetBrains\IntelliJ IDEA Community Edition 2023.2.3\bin;;C:\Users\Stefan\.dotnet\tools;D:\IntelliJ IDEA 2025.3.4\bin;C:\Users\Stefan\AppData\Local\GitHubDesktop\bin;D:\Microsoft VS Code\bin;C:\Users\Stefan\tools\apache-maven\apache-maven-3.9.9\bin
USERNAME=Stefan
OS=Windows_NT
PROCESSOR_IDENTIFIER=Intel64 Family 6 Model 158 Stepping 9, GenuineIntel
TMP=C:\Users\Stefan\AppData\Local\Temp
TEMP=C:\Users\Stefan\AppData\Local\Temp




Periodic native trim disabled

---------------  S Y S T E M  ---------------

OS:
 Windows 10 , 64 bit Build 19041 (10.0.19041.5794)
OS uptime: 0 days 4:26 hours
Hyper-V role detected

CPU: total 4 (initial active 4) (4 cores per cpu, 1 threads per core) family 6 model 158 stepping 9 microcode 0xb4, cx8, cmov, fxsr, mmx, 3dnowpref, sse, sse2, sse3, ssse3, sse4.1, sse4.2, popcnt, lzcnt, tsc, tscinvbit, avx, avx2, aes, erms, clmul, bmi1, bmi2, adx, fma, vzeroupper, clflush, clflushopt, hv, rdtscp, f16c
Processor Information for all 4 processors :
  Max Mhz: 3001, Current Mhz: 3001, Mhz Limit: 3001

Memory: 4k page, system-wide physical 16321M (1183M free)
TotalPageFile size 20417M (AvailPageFile size 15M)
current process WorkingSet (physical memory assigned to process): 282M, peak: 282M
current process commit charge ("private bytes"): 426M, peak: 472M

vm_info: Java HotSpot(TM) 64-Bit Server VM (22+36-2370) for windows-amd64 JRE (22+36-2370), built on 2024-02-15T22:15:19Z by "mach5one" with MS VC++ 17.6 (VS2022)

END.
